[DEBUG] Starting script. Current working dir: /Users/avinash.sridhar/scrapper
[DEBUG] Read 689 rows from freida_programs_output.csv
[DEBUG] Processing 1401621467 (689/5)...
[DEBUG] Navigating to https://apps.acgme.org/ads/Public/Programs/Search for program_id=1401621467
[DEBUG] Body text after search:  
 Back To Public
Accreditation Council for Graduate Medical Education (ACGME) - Public
Advanced Program Search
Search
or
Accreditation
Osteopathic Recognition
Accreditation
Search by Specialty
Allerg
[DEBUG] Clicked 'View Accreditation History' for 1401621467
[DEBUG] Saved screenshot to debug_acgme_1401621467.png
[DEBUG] Found 26 rows in accreditation table for 1401621467
[DEBUG] Extracted academic year: 2000 - 2001
[DEBUG] Processing 1401900001 (688/5)...
[DEBUG] Navigating to https://apps.acgme.org/ads/Public/Programs/Search for program_id=1401900001
[DEBUG] Body text after search:  
 Back To Public
Accreditation Council for Graduate Medical Education (ACGME) - Public
Advanced Program Search
Search
or
Accreditation
Osteopathic Recognition
Accreditation
Search by Specialty
Allerg
[DEBUG] Clicked 'View Accreditation History' for 1401900001
[DEBUG] Saved screenshot to debug_acgme_1401900001.png
[DEBUG] Found 3 rows in accreditation table for 1401900001
[DEBUG] Extracted academic year: 2023 - 2024
[DEBUG] Processing 1404100909 (687/5)...
[DEBUG] Navigating to https://apps.acgme.org/ads/Public/Programs/Search for program_id=1404100909
[DEBUG] Body text after search:  
 Back To Public
Accreditation Council for Graduate Medical Education (ACGME) - Public
Advanced Program Search
Search
or
Accreditation
Osteopathic Recognition
Accreditation
Search by Specialty
Allerg
[DEBUG] Clicked 'View Accreditation History' for 1404100909
[DEBUG] Saved screenshot to debug_acgme_1404100909.png
[DEBUG] Found 10 rows in accreditation table for 1404100909
[DEBUG] Skipping invalid year '-' in row 1 for 1404100909
[DEBUG] Extracted academic year: 2017 - 2018
[DEBUG] Processing 1402411166 (686/5)...
[DEBUG] Navigating to https://apps.acgme.org/ads/Public/Programs/Search for program_id=1402411166
[DEBUG] Body text after search:  
 Back To Public
Accreditation Council for Graduate Medical Education (ACGME) - Public
Advanced Program Search
Search
or
Accreditation
Osteopathic Recognition
Accreditation
Search by Specialty
Allerg
[DEBUG] Clicked 'View Accreditation History' for 1402411166
[DEBUG] Saved screenshot to debug_acgme_1402411166.png
[DEBUG] Found 26 rows in accreditation table for 1402411166
[DEBUG] Extracted academic year: 2000 - 2001
[DEBUG] Processing 1400521068 (685/5)...
[DEBUG] Navigating to https://apps.acgme.org/ads/Public/Programs/Search for program_id=1400521068
[DEBUG] Body text after search:  
 Back To Public
Accreditation Council for Graduate Medical Education (ACGME) - Public
Advanced Program Search
Search
or
Accreditation
Osteopathic Recognition
Accreditation
Search by Specialty
Allerg
[WARN] Click failed for 1400521068: Locator.click: Timeout 5000ms exceeded.
Call log:
  - waiting for locator("text=\"View Accreditation History\"").first
    - locator resolved to <a class="btn btn-sm listview-item-action btn-primary" href="/ads/Public/Programs/AccreditationHistoryReport?programId=1320">View Accreditation History</a>
  - attempting click action
    - scrolling into view if needed
    - done scrolling
    - forcing action
    - performing click action
    - click action done
    - waiting for scheduled navigations to finish

[ERROR] Fallback navigation failed for 1400521068: Locator.get_attribute: Timeout 30000ms exceeded.
Call log:
  - waiting for locator("text=\"View Accreditation History\"").first

[DEBUG] Academic years collected: ['2000 - 2001', '2023 - 2024', '2017 - 2018', '2000 - 2001', None]
[DEBUG] Output written to /Users/avinash.sridhar/scrapper/freida_programs_output_with_academic_year.csv
[DEBUG] Script finished.
