[DEBUG] Starting script. Current working dir: /Users/avinash.sridhar/scrapper
[DEBUG] Read 689 rows from freida_programs_output.csv
[DEBUG] Processing 1400500005 (random test 458/10)...
[DEBUG] Attempt 1 for program_id=1400500005
[DEBUG] Navigating to https://apps.acgme.org/ads/Public/Programs/Search for program_id=1400500005
[DEBUG] Body text after search:  
 Back To Public
Accreditation Council for Graduate Medical Education (ACGME) - Public
Advanced Program Search
Search
or
Accreditation
Osteopathic Recognition
Accreditation
Search by Specialty
Allerg
[DEBUG] Clicked 'View Accreditation History' for 1400500005 (by text locator, human-like)
[DEBUG] Saved screenshot to debug_acgme_1400500005.png
[DEBUG] Found 6 rows in accreditation table for 1400500005
[DEBUG] Extracted academic year: 2020 - 2021
[DEBUG] Processing 1404831416 (random test 298/10)...
[DEBUG] Attempt 1 for program_id=1404831416
[DEBUG] Navigating to https://apps.acgme.org/ads/Public/Programs/Search for program_id=1404831416
[DEBUG] Body text after search:  
 Back To Public
Accreditation Council for Graduate Medical Education (ACGME) - Public
Advanced Program Search
Search
or
Accreditation
Osteopathic Recognition
Accreditation
Search by Specialty
Allerg
[DEBUG] Clicked 'View Accreditation History' for 1404831416 (by text locator, human-like)
[DEBUG] Saved screenshot to debug_acgme_1404831416.png
[DEBUG] Found 26 rows in accreditation table for 1404831416
[DEBUG] Extracted academic year: 2000 - 2001
[DEBUG] Processing 1404813534 (random test 198/10)...
[DEBUG] Attempt 1 for program_id=1404813534
[DEBUG] Navigating to https://apps.acgme.org/ads/Public/Programs/Search for program_id=1404813534
[DEBUG] Body text after search:  
 Back To Public
Accreditation Council for Graduate Medical Education (ACGME) - Public
Advanced Program Search
Search
or
Accreditation
Osteopathic Recognition
Accreditation
Search by Specialty
Allerg
[DEBUG] Clicked 'View Accreditation History' for 1404813534 (by text locator, human-like)
[DEBUG] Saved screenshot to debug_acgme_1404813534.png
[DEBUG] Found 20 rows in accreditation table for 1404813534
[DEBUG] Extracted academic year: 2006 - 2007
[DEBUG] Processing 1402122146 (random test 137/10)...
[DEBUG] Attempt 1 for program_id=1402122146
[DEBUG] Navigating to https://apps.acgme.org/ads/Public/Programs/Search for program_id=1402122146
[DEBUG] Body text after search:  
 Back To Public
Accreditation Council for Graduate Medical Education (ACGME) - Public
Advanced Program Search
Search
or
Accreditation
Osteopathic Recognition
Accreditation
Search by Specialty
Allerg
[DEBUG] Clicked 'View Accreditation History' for 1402122146 (by text locator, human-like)
[DEBUG] Saved screenshot to debug_acgme_1402122146.png
[DEBUG] Found 26 rows in accreditation table for 1402122146
[DEBUG] Extracted academic year: 2000 - 2001
[DEBUG] Processing 1405500443 (random test 624/10)...
[DEBUG] Attempt 1 for program_id=1405500443
[DEBUG] Navigating to https://apps.acgme.org/ads/Public/Programs/Search for program_id=1405500443
[DEBUG] Body text after search:  
 Back To Public
Accreditation Council for Graduate Medical Education (ACGME) - Public
Advanced Program Search
Search
or
Accreditation
Osteopathic Recognition
Accreditation
Search by Specialty
Allerg
[WARN] Click by text locator failed for 1405500443: Locator.click: Timeout 5000ms exceeded.
Call log:
  - waiting for locator("text=\"View Accreditation History\"").first
    - locator resolved to <a class="btn btn-sm listview-item-action btn-primary" href="/ads/Public/Programs/AccreditationHistoryReport?programId=33021">View Accreditation History</a>
  - attempting click action
    - scrolling into view if needed
    - done scrolling
    - forcing action
    - performing click action
    - click action done
    - waiting for scheduled navigations to finish

[WARN] Click by class+text failed for 1405500443: Locator.wait_for: Timeout 5000ms exceeded.
Call log:
  - waiting for locator("a.btn.btn-primary:has-text(\"View Accreditation History\")").first
    - waiting for" https://apps.acgme.org/ads/Public/Programs/AccreditationHistoryReport?programId=33021&ReturnUrl=https%3A%2F%2Fapps.acgme.org%2Fads%2FPublic%2FPrograms%2FSearch" navigation to finish...
    - navigated to "https://apps.acgme.org/ads/Public/Programs/AccreditationHistoryReport?programId=33021&ReturnUrl=https%3A%2F%2Fapps.acgme.org%2Fads%2FPublic%2FPrograms%2FSearch"

[WARN] No <a> tag found for fallback click for 1405500443
[ERROR] Fallback <a> parse/click failed for 1405500443: Locator.get_attribute: Timeout 30000ms exceeded.
Call log:
  - waiting for locator("text=\"View Accreditation History\"").first

[DEBUG] Retrying program_id=1405500443 after failure...
[DEBUG] Attempt 2 for program_id=1405500443
[DEBUG] Navigating to https://apps.acgme.org/ads/Public/Programs/Search for program_id=1405500443
[DEBUG] Body text after search:  
 Back To Public
Accreditation Council for Graduate Medical Education (ACGME) - Public
Advanced Program Search
Search
or
Accreditation
Osteopathic Recognition
Accreditation
Search by Specialty
Allerg
[WARN] Click by text locator failed for 1405500443: Locator.click: Timeout 5000ms exceeded.
Call log:
  - waiting for locator("text=\"View Accreditation History\"").first
    - locator resolved to <a class="btn btn-sm listview-item-action btn-primary" href="/ads/Public/Programs/AccreditationHistoryReport?programId=33021">View Accreditation History</a>
  - attempting click action
    - scrolling into view if needed
    - done scrolling
    - forcing action
    - performing click action
    - click action done
    - waiting for scheduled navigations to finish

[WARN] Click by class+text failed for 1405500443: Locator.wait_for: Timeout 5000ms exceeded.
Call log:
  - waiting for locator("a.btn.btn-primary:has-text(\"View Accreditation History\")").first
    - waiting for" https://apps.acgme.org/ads/Public/Programs/AccreditationHistoryReport?programId=33021&ReturnUrl=https%3A%2F%2Fapps.acgme.org%2Fads%2FPublic%2FPrograms%2FSearch" navigation to finish...
    - navigated to "https://apps.acgme.org/ads/Public/Programs/AccreditationHistoryReport?programId=33021&ReturnUrl=https%3A%2F%2Fapps.acgme.org%2Fads%2FPublic%2FPrograms%2FSearch"

[WARN] No <a> tag found for fallback click for 1405500443
[ERROR] Fallback <a> parse/click failed for 1405500443: Locator.get_attribute: Timeout 30000ms exceeded.
Call log:
  - waiting for locator("text=\"View Accreditation History\"").first

[DEBUG] Retrying program_id=1405500443 after failure...
[DEBUG] Attempt 3 for program_id=1405500443
[DEBUG] Navigating to https://apps.acgme.org/ads/Public/Programs/Search for program_id=1405500443
[DEBUG] Body text after search:  
 Back To Public
Accreditation Council for Graduate Medical Education (ACGME) - Public
Advanced Program Search
Search
or
Accreditation
Osteopathic Recognition
Accreditation
Search by Specialty
Allerg
[WARN] Click by text locator failed for 1405500443: Locator.click: Timeout 5000ms exceeded.
Call log:
  - waiting for locator("text=\"View Accreditation History\"").first
    - locator resolved to <a class="btn btn-sm listview-item-action btn-primary" href="/ads/Public/Programs/AccreditationHistoryReport?programId=33021">View Accreditation History</a>
  - attempting click action
    - scrolling into view if needed
    - done scrolling
    - forcing action
    - performing click action
    - click action done
    - waiting for scheduled navigations to finish

[WARN] Click by class+text failed for 1405500443: Locator.wait_for: Timeout 5000ms exceeded.
Call log:
  - waiting for locator("a.btn.btn-primary:has-text(\"View Accreditation History\")").first
    - waiting for" https://apps.acgme.org/ads/Public/Programs/AccreditationHistoryReport?programId=33021&ReturnUrl=https%3A%2F%2Fapps.acgme.org%2Fads%2FPublic%2FPrograms%2FSearch" navigation to finish...
    - navigated to "https://apps.acgme.org/ads/Public/Programs/AccreditationHistoryReport?programId=33021&ReturnUrl=https%3A%2F%2Fapps.acgme.org%2Fads%2FPublic%2FPrograms%2FSearch"

[WARN] No <a> tag found for fallback click for 1405500443
[ERROR] Fallback <a> parse/click failed for 1405500443: Locator.get_attribute: Timeout 30000ms exceeded.
Call log:
  - waiting for locator("text=\"View Accreditation History\"").first

[ERROR] All 3 attempts failed for program_id=1405500443
[DEBUG] Processing 1400500932 (random test 522/10)...
[DEBUG] Attempt 1 for program_id=1400500932
[DEBUG] Navigating to https://apps.acgme.org/ads/Public/Programs/Search for program_id=1400500932
[DEBUG] Body text after search:  
 Back To Public
Accreditation Council for Graduate Medical Education (ACGME) - Public
Advanced Program Search
Search
or
Accreditation
Osteopathic Recognition
Accreditation
Search by Specialty
Allerg
[WARN] Click by text locator failed for 1400500932: Locator.click: Timeout 5000ms exceeded.
Call log:
  - waiting for locator("text=\"View Accreditation History\"").first
    - locator resolved to <a class="btn btn-sm listview-item-action btn-primary" href="/ads/Public/Programs/AccreditationHistoryReport?programId=45846">View Accreditation History</a>
  - attempting click action
    - scrolling into view if needed
    - done scrolling
    - forcing action
    - performing click action
    - click action done
    - waiting for scheduled navigations to finish

[WARN] Click by class+text failed for 1400500932: Locator.wait_for: Timeout 5000ms exceeded.
Call log:
  - waiting for locator("a.btn.btn-primary:has-text(\"View Accreditation History\")").first
    - waiting for" https://apps.acgme.org/ads/Public/Programs/AccreditationHistoryReport?programId=45846&ReturnUrl=https%3A%2F%2Fapps.acgme.org%2Fads%2FPublic%2FPrograms%2FSearch" navigation to finish...
    - navigated to "https://apps.acgme.org/ads/Public/Programs/AccreditationHistoryReport?programId=45846&ReturnUrl=https%3A%2F%2Fapps.acgme.org%2Fads%2FPublic%2FPrograms%2FSearch"

[WARN] No <a> tag found for fallback click for 1400500932
[ERROR] Fallback <a> parse/click failed for 1400500932: Locator.get_attribute: Timeout 30000ms exceeded.
Call log:
  - waiting for locator("text=\"View Accreditation History\"").first

[DEBUG] Retrying program_id=1400500932 after failure...
[DEBUG] Attempt 2 for program_id=1400500932
[DEBUG] Navigating to https://apps.acgme.org/ads/Public/Programs/Search for program_id=1400500932
[DEBUG] Body text after search:  
 Back To Public
Accreditation Council for Graduate Medical Education (ACGME) - Public
Advanced Program Search
Search
or
Accreditation
Osteopathic Recognition
Accreditation
Search by Specialty
Allerg
[WARN] Click by text locator failed for 1400500932: Locator.click: Timeout 5000ms exceeded.
Call log:
  - waiting for locator("text=\"View Accreditation History\"").first
    - locator resolved to <a class="btn btn-sm listview-item-action btn-primary" href="/ads/Public/Programs/AccreditationHistoryReport?programId=45846">View Accreditation History</a>
  - attempting click action
    - scrolling into view if needed
    - done scrolling
    - forcing action
    - performing click action
    - click action done
    - waiting for scheduled navigations to finish

[WARN] Click by class+text failed for 1400500932: Locator.wait_for: Timeout 5000ms exceeded.
Call log:
  - waiting for locator("a.btn.btn-primary:has-text(\"View Accreditation History\")").first
    - waiting for" https://apps.acgme.org/ads/Public/Programs/AccreditationHistoryReport?programId=45846&ReturnUrl=https%3A%2F%2Fapps.acgme.org%2Fads%2FPublic%2FPrograms%2FSearch" navigation to finish...
    - navigated to "https://apps.acgme.org/ads/Public/Programs/AccreditationHistoryReport?programId=45846&ReturnUrl=https%3A%2F%2Fapps.acgme.org%2Fads%2FPublic%2FPrograms%2FSearch"

[WARN] No <a> tag found for fallback click for 1400500932
[ERROR] Fallback <a> parse/click failed for 1400500932: Locator.get_attribute: Timeout 30000ms exceeded.
Call log:
  - waiting for locator("text=\"View Accreditation History\"").first

[DEBUG] Retrying program_id=1400500932 after failure...
[DEBUG] Attempt 3 for program_id=1400500932
[DEBUG] Navigating to https://apps.acgme.org/ads/Public/Programs/Search for program_id=1400500932
[DEBUG] Body text after search:  
 Back To Public
Accreditation Council for Graduate Medical Education (ACGME) - Public
Advanced Program Search
Search
or
Accreditation
Osteopathic Recognition
Accreditation
Search by Specialty
Allerg
[WARN] Click by text locator failed for 1400500932: Locator.click: Timeout 5000ms exceeded.
Call log:
  - waiting for locator("text=\"View Accreditation History\"").first
    - locator resolved to <a class="btn btn-sm listview-item-action btn-primary" href="/ads/Public/Programs/AccreditationHistoryReport?programId=45846">View Accreditation History</a>
  - attempting click action
    - scrolling into view if needed
    - done scrolling
    - forcing action
    - performing click action
    - click action done
    - waiting for scheduled navigations to finish

[WARN] Click by class+text failed for 1400500932: Locator.wait_for: Timeout 5000ms exceeded.
Call log:
  - waiting for locator("a.btn.btn-primary:has-text(\"View Accreditation History\")").first
    - waiting for" https://apps.acgme.org/ads/Public/Programs/AccreditationHistoryReport?programId=45846&ReturnUrl=https%3A%2F%2Fapps.acgme.org%2Fads%2FPublic%2FPrograms%2FSearch" navigation to finish...

[ERROR] Fallback <a> parse/click failed for 1400500932: Page.query_selector_all: Execution context was destroyed, most likely because of a navigation
[ERROR] All 3 attempts failed for program_id=1400500932
[DEBUG] Processing 1400100901 (random test 255/10)...
[DEBUG] Attempt 1 for program_id=1400100901
[DEBUG] Navigating to https://apps.acgme.org/ads/Public/Programs/Search for program_id=1400100901
[DEBUG] Body text after search:  
 Back To Public
Accreditation Council for Graduate Medical Education (ACGME) - Public
Advanced Program Search
Search
or
Accreditation
Osteopathic Recognition
Accreditation
Search by Specialty
Allerg
[WARN] Click by text locator failed for 1400100901: Locator.click: Timeout 5000ms exceeded.
Call log:
  - waiting for locator("text=\"View Accreditation History\"").first
    - locator resolved to <a class="btn btn-sm listview-item-action btn-primary" href="/ads/Public/Programs/AccreditationHistoryReport?programId=41674">View Accreditation History</a>
  - attempting click action
    - scrolling into view if needed
    - done scrolling
    - forcing action
    - performing click action
    - click action done
    - waiting for scheduled navigations to finish

[WARN] Click by class+text failed for 1400100901: Locator.wait_for: Timeout 5000ms exceeded.
Call log:
  - waiting for locator("a.btn.btn-primary:has-text(\"View Accreditation History\")").first
    - waiting for" https://apps.acgme.org/ads/Public/Programs/AccreditationHistoryReport?programId=41674&ReturnUrl=https%3A%2F%2Fapps.acgme.org%2Fads%2FPublic%2FPrograms%2FSearch" navigation to finish...

[ERROR] Fallback <a> parse/click failed for 1400100901: Page.query_selector_all: Execution context was destroyed, most likely because of a navigation
[DEBUG] Retrying program_id=1400100901 after failure...
[DEBUG] Attempt 2 for program_id=1400100901
[DEBUG] Navigating to https://apps.acgme.org/ads/Public/Programs/Search for program_id=1400100901
[DEBUG] Body text after search:  
 Back To Public
Accreditation Council for Graduate Medical Education (ACGME) - Public
Advanced Program Search
Search
or
Accreditation
Osteopathic Recognition
Accreditation
Search by Specialty
Allerg
[WARN] Click by text locator failed for 1400100901: Locator.click: Timeout 5000ms exceeded.
Call log:
  - waiting for locator("text=\"View Accreditation History\"").first
    - locator resolved to <a class="btn btn-sm listview-item-action btn-primary" href="/ads/Public/Programs/AccreditationHistoryReport?programId=41674">View Accreditation History</a>
  - attempting click action
    - scrolling into view if needed
    - done scrolling
    - forcing action
    - performing click action
    - click action done
    - waiting for scheduled navigations to finish

[WARN] Click by class+text failed for 1400100901: Locator.wait_for: Timeout 5000ms exceeded.
Call log:
  - waiting for locator("a.btn.btn-primary:has-text(\"View Accreditation History\")").first
    - waiting for" https://apps.acgme.org/ads/Public/Programs/AccreditationHistoryReport?programId=41674&ReturnUrl=https%3A%2F%2Fapps.acgme.org%2Fads%2FPublic%2FPrograms%2FSearch" navigation to finish...

[ERROR] Fallback <a> parse/click failed for 1400100901: Page.query_selector_all: Execution context was destroyed, most likely because of a navigation
[DEBUG] Retrying program_id=1400100901 after failure...
[DEBUG] Attempt 3 for program_id=1400100901
[DEBUG] Navigating to https://apps.acgme.org/ads/Public/Programs/Search for program_id=1400100901
[DEBUG] Body text after search:  
 Back To Public
Accreditation Council for Graduate Medical Education (ACGME) - Public
Advanced Program Search
Search
or
Accreditation
Osteopathic Recognition
Accreditation
Search by Specialty
Allerg
[WARN] Click by text locator failed for 1400100901: Locator.click: Timeout 5000ms exceeded.
Call log:
  - waiting for locator("text=\"View Accreditation History\"").first
    - locator resolved to <a class="btn btn-sm listview-item-action btn-primary" href="/ads/Public/Programs/AccreditationHistoryReport?programId=41674">View Accreditation History</a>
  - attempting click action
    - scrolling into view if needed
    - done scrolling
    - forcing action
    - performing click action
    - click action done
    - waiting for scheduled navigations to finish

[WARN] Click by class+text failed for 1400100901: Locator.wait_for: Timeout 5000ms exceeded.
Call log:
  - waiting for locator("a.btn.btn-primary:has-text(\"View Accreditation History\")").first
    - waiting for" https://apps.acgme.org/ads/Public/Programs/AccreditationHistoryReport?programId=41674&ReturnUrl=https%3A%2F%2Fapps.acgme.org%2Fads%2FPublic%2FPrograms%2FSearch" navigation to finish...

[ERROR] Fallback <a> parse/click failed for 1400100901: Page.query_selector_all: Execution context was destroyed, most likely because of a navigation
[ERROR] All 3 attempts failed for program_id=1400100901
[DEBUG] Processing 1404711409 (random test 420/10)...
[DEBUG] Attempt 1 for program_id=1404711409
[DEBUG] Navigating to https://apps.acgme.org/ads/Public/Programs/Search for program_id=1404711409
[DEBUG] Body text after search:  
 Back To Public
Accreditation Council for Graduate Medical Education (ACGME) - Public
Advanced Program Search
Search
or
Accreditation
Osteopathic Recognition
Accreditation
Search by Specialty
Allerg
[WARN] Click by text locator failed for 1404711409: Locator.click: Timeout 5000ms exceeded.
Call log:
  - waiting for locator("text=\"View Accreditation History\"").first
    - locator resolved to <a class="btn btn-sm listview-item-action btn-primary" href="/ads/Public/Programs/AccreditationHistoryReport?programId=1257">View Accreditation History</a>
  - attempting click action
    - scrolling into view if needed
    - done scrolling
    - forcing action
    - performing click action
    - click action done
    - waiting for scheduled navigations to finish

[WARN] Click by class+text failed for 1404711409: Locator.wait_for: Timeout 5000ms exceeded.
Call log:
  - waiting for locator("a.btn.btn-primary:has-text(\"View Accreditation History\")").first
    - waiting for" https://apps.acgme.org/ads/Public/Programs/AccreditationHistoryReport?programId=1257&ReturnUrl=https%3A%2F%2Fapps.acgme.org%2Fads%2FPublic%2FPrograms%2FSearch" navigation to finish...

[ERROR] Fallback <a> parse/click failed for 1404711409: Page.query_selector_all: Execution context was destroyed, most likely because of a navigation
[DEBUG] Retrying program_id=1404711409 after failure...
[DEBUG] Attempt 2 for program_id=1404711409
[DEBUG] Navigating to https://apps.acgme.org/ads/Public/Programs/Search for program_id=1404711409
[DEBUG] Body text after search:  
 Back To Public
Accreditation Council for Graduate Medical Education (ACGME) - Public
Advanced Program Search
Search
or
Accreditation
Osteopathic Recognition
Accreditation
Search by Specialty
Allerg
[WARN] Click by text locator failed for 1404711409: Locator.click: Timeout 5000ms exceeded.
Call log:
  - waiting for locator("text=\"View Accreditation History\"").first
    - locator resolved to <a class="btn btn-sm listview-item-action btn-primary" href="/ads/Public/Programs/AccreditationHistoryReport?programId=1257">View Accreditation History</a>
  - attempting click action
    - scrolling into view if needed
    - done scrolling
    - forcing action
    - performing click action
    - click action done
    - waiting for scheduled navigations to finish

[WARN] Click by class+text failed for 1404711409: Locator.wait_for: Timeout 5000ms exceeded.
Call log:
  - waiting for locator("a.btn.btn-primary:has-text(\"View Accreditation History\")").first
    - waiting for" https://apps.acgme.org/ads/Public/Programs/AccreditationHistoryReport?programId=1257&ReturnUrl=https%3A%2F%2Fapps.acgme.org%2Fads%2FPublic%2FPrograms%2FSearch" navigation to finish...

[ERROR] Fallback <a> parse/click failed for 1404711409: Page.query_selector_all: Execution context was destroyed, most likely because of a navigation
[DEBUG] Retrying program_id=1404711409 after failure...
[DEBUG] Attempt 3 for program_id=1404711409
[DEBUG] Navigating to https://apps.acgme.org/ads/Public/Programs/Search for program_id=1404711409
[DEBUG] Body text after search:  
 Back To Public
Accreditation Council for Graduate Medical Education (ACGME) - Public
Advanced Program Search
Search
or
Accreditation
Osteopathic Recognition
Accreditation
Search by Specialty
Allerg
[WARN] Click by text locator failed for 1404711409: Locator.click: Timeout 5000ms exceeded.
Call log:
  - waiting for locator("text=\"View Accreditation History\"").first
    - locator resolved to <a class="btn btn-sm listview-item-action btn-primary" href="/ads/Public/Programs/AccreditationHistoryReport?programId=1257">View Accreditation History</a>
  - attempting click action
    - scrolling into view if needed
    - done scrolling
    - forcing action
    - performing click action
    - click action done
    - waiting for scheduled navigations to finish

[WARN] Click by class+text failed for 1404711409: Locator.wait_for: Timeout 5000ms exceeded.
Call log:
  - waiting for locator("a.btn.btn-primary:has-text(\"View Accreditation History\")").first
    - waiting for" https://apps.acgme.org/ads/Public/Programs/AccreditationHistoryReport?programId=1257&ReturnUrl=https%3A%2F%2Fapps.acgme.org%2Fads%2FPublic%2FPrograms%2FSearch" navigation to finish...

[ERROR] Fallback <a> parse/click failed for 1404711409: Page.query_selector_all: Execution context was destroyed, most likely because of a navigation
[ERROR] All 3 attempts failed for program_id=1404711409
[DEBUG] Processing 1405621446 (random test 324/10)...
[DEBUG] Attempt 1 for program_id=1405621446
[DEBUG] Navigating to https://apps.acgme.org/ads/Public/Programs/Search for program_id=1405621446
[DEBUG] Body text after search:  
 Back To Public
Accreditation Council for Graduate Medical Education (ACGME) - Public
Advanced Program Search
Search
or
Accreditation
Osteopathic Recognition
Accreditation
Search by Specialty
Allerg
[WARN] Click by text locator failed for 1405621446: Locator.click: Timeout 5000ms exceeded.
Call log:
  - waiting for locator("text=\"View Accreditation History\"").first
    - locator resolved to <a class="btn btn-sm listview-item-action btn-primary" href="/ads/Public/Programs/AccreditationHistoryReport?programId=1435">View Accreditation History</a>
  - attempting click action
    - scrolling into view if needed
    - done scrolling
    - forcing action
    - performing click action
    - click action done
    - waiting for scheduled navigations to finish

[WARN] Click by class+text failed for 1405621446: Locator.wait_for: Timeout 5000ms exceeded.
Call log:
  - waiting for locator("a.btn.btn-primary:has-text(\"View Accreditation History\")").first
    - waiting for" https://apps.acgme.org/ads/Public/Programs/AccreditationHistoryReport?programId=1435&ReturnUrl=https%3A%2F%2Fapps.acgme.org%2Fads%2FPublic%2FPrograms%2FSearch" navigation to finish...

[ERROR] Fallback <a> parse/click failed for 1405621446: Page.query_selector_all: Execution context was destroyed, most likely because of a navigation
[DEBUG] Retrying program_id=1405621446 after failure...
[DEBUG] Attempt 2 for program_id=1405621446
[DEBUG] Navigating to https://apps.acgme.org/ads/Public/Programs/Search for program_id=1405621446
[DEBUG] Body text after search:  
 Back To Public
Accreditation Council for Graduate Medical Education (ACGME) - Public
Advanced Program Search
Search
or
Accreditation
Osteopathic Recognition
Accreditation
Search by Specialty
Allerg
[WARN] Click by text locator failed for 1405621446: Locator.click: Timeout 5000ms exceeded.
Call log:
  - waiting for locator("text=\"View Accreditation History\"").first
    - locator resolved to <a class="btn btn-sm listview-item-action btn-primary" href="/ads/Public/Programs/AccreditationHistoryReport?programId=1435">View Accreditation History</a>
  - attempting click action
    - scrolling into view if needed
    - done scrolling
    - forcing action
    - performing click action
    - click action done
    - waiting for scheduled navigations to finish

[WARN] Click by class+text failed for 1405621446: Locator.wait_for: Timeout 5000ms exceeded.
Call log:
  - waiting for locator("a.btn.btn-primary:has-text(\"View Accreditation History\")").first
    - waiting for" https://apps.acgme.org/ads/Public/Programs/AccreditationHistoryReport?programId=1435&ReturnUrl=https%3A%2F%2Fapps.acgme.org%2Fads%2FPublic%2FPrograms%2FSearch" navigation to finish...

[ERROR] Fallback <a> parse/click failed for 1405621446: Page.query_selector_all: Execution context was destroyed, most likely because of a navigation
[DEBUG] Retrying program_id=1405621446 after failure...
[DEBUG] Attempt 3 for program_id=1405621446
[DEBUG] Navigating to https://apps.acgme.org/ads/Public/Programs/Search for program_id=1405621446
[DEBUG] Body text after search:  
 Back To Public
Accreditation Council for Graduate Medical Education (ACGME) - Public
Advanced Program Search
Search
or
Accreditation
Osteopathic Recognition
Accreditation
Search by Specialty
Allerg
[WARN] Click by text locator failed for 1405621446: Locator.click: Timeout 5000ms exceeded.
Call log:
  - waiting for locator("text=\"View Accreditation History\"").first
    - locator resolved to <a class="btn btn-sm listview-item-action btn-primary" href="/ads/Public/Programs/AccreditationHistoryReport?programId=1435">View Accreditation History</a>
  - attempting click action
    - scrolling into view if needed
    - done scrolling
    - forcing action
    - performing click action
    - click action done
    - waiting for scheduled navigations to finish

[WARN] Click by class+text failed for 1405621446: Locator.wait_for: Timeout 5000ms exceeded.
Call log:
  - waiting for locator("a.btn.btn-primary:has-text(\"View Accreditation History\")").first
    - waiting for" https://apps.acgme.org/ads/Public/Programs/AccreditationHistoryReport?programId=1435&ReturnUrl=https%3A%2F%2Fapps.acgme.org%2Fads%2FPublic%2FPrograms%2FSearch" navigation to finish...

[ERROR] Fallback <a> parse/click failed for 1405621446: Page.query_selector_all: Execution context was destroyed, most likely because of a navigation
[ERROR] All 3 attempts failed for program_id=1405621446
[DEBUG] Processing 1403521468 (random test 378/10)...
[DEBUG] Attempt 1 for program_id=1403521468
[DEBUG] Navigating to https://apps.acgme.org/ads/Public/Programs/Search for program_id=1403521468
[DEBUG] Body text after search:  
 Back To Public
Accreditation Council for Graduate Medical Education (ACGME) - Public
Advanced Program Search
Search
or
Accreditation
Osteopathic Recognition
Accreditation
Search by Specialty
Allerg
[WARN] Click by text locator failed for 1403521468: Locator.click: Timeout 5000ms exceeded.
Call log:
  - waiting for locator("text=\"View Accreditation History\"").first
    - locator resolved to <a class="btn btn-sm listview-item-action btn-primary" href="/ads/Public/Programs/AccreditationHistoryReport?programId=1014">View Accreditation History</a>
  - attempting click action
    - scrolling into view if needed
    - done scrolling
    - forcing action
    - performing click action
    - click action done
    - waiting for scheduled navigations to finish

[WARN] Click by class+text failed for 1403521468: Locator.wait_for: Timeout 5000ms exceeded.
Call log:
  - waiting for locator("a.btn.btn-primary:has-text(\"View Accreditation History\")").first
    - waiting for" https://apps.acgme.org/ads/Public/Programs/AccreditationHistoryReport?programId=1014&ReturnUrl=https%3A%2F%2Fapps.acgme.org%2Fads%2FPublic%2FPrograms%2FSearch" navigation to finish...

[ERROR] Fallback <a> parse/click failed for 1403521468: Page.query_selector_all: Execution context was destroyed, most likely because of a navigation
[DEBUG] Retrying program_id=1403521468 after failure...
[DEBUG] Attempt 2 for program_id=1403521468
[DEBUG] Navigating to https://apps.acgme.org/ads/Public/Programs/Search for program_id=1403521468
[DEBUG] Body text after search:  
 Back To Public
Accreditation Council for Graduate Medical Education (ACGME) - Public
Advanced Program Search
Search
or
Accreditation
Osteopathic Recognition
Accreditation
Search by Specialty
Allerg
[WARN] Click by text locator failed for 1403521468: Locator.click: Timeout 5000ms exceeded.
Call log:
  - waiting for locator("text=\"View Accreditation History\"").first
    - locator resolved to <a class="btn btn-sm listview-item-action btn-primary" href="/ads/Public/Programs/AccreditationHistoryReport?programId=1014">View Accreditation History</a>
  - attempting click action
    - scrolling into view if needed
    - done scrolling
    - forcing action
    - performing click action
    - click action done
    - waiting for scheduled navigations to finish

[WARN] Click by class+text failed for 1403521468: Locator.wait_for: Timeout 5000ms exceeded.
Call log:
  - waiting for locator("a.btn.btn-primary:has-text(\"View Accreditation History\")").first
    - waiting for" https://apps.acgme.org/ads/Public/Programs/AccreditationHistoryReport?programId=1014&ReturnUrl=https%3A%2F%2Fapps.acgme.org%2Fads%2FPublic%2FPrograms%2FSearch" navigation to finish...

[ERROR] Fallback <a> parse/click failed for 1403521468: Page.query_selector_all: Execution context was destroyed, most likely because of a navigation
[DEBUG] Retrying program_id=1403521468 after failure...
[DEBUG] Attempt 3 for program_id=1403521468
[DEBUG] Navigating to https://apps.acgme.org/ads/Public/Programs/Search for program_id=1403521468
[DEBUG] Body text after search:  
 Back To Public
Accreditation Council for Graduate Medical Education (ACGME) - Public
Advanced Program Search
Search
or
Accreditation
Osteopathic Recognition
Accreditation
Search by Specialty
Allerg
[WARN] Click by text locator failed for 1403521468: Locator.click: Timeout 5000ms exceeded.
Call log:
  - waiting for locator("text=\"View Accreditation History\"").first
    - locator resolved to <a class="btn btn-sm listview-item-action btn-primary" href="/ads/Public/Programs/AccreditationHistoryReport?programId=1014">View Accreditation History</a>
  - attempting click action
    - scrolling into view if needed
    - done scrolling
    - forcing action
    - performing click action
    - click action done
    - waiting for scheduled navigations to finish

[WARN] Click by class+text failed for 1403521468: Locator.wait_for: Timeout 5000ms exceeded.
Call log:
  - waiting for locator("a.btn.btn-primary:has-text(\"View Accreditation History\")").first
    - waiting for" https://apps.acgme.org/ads/Public/Programs/AccreditationHistoryReport?programId=1014&ReturnUrl=https%3A%2F%2Fapps.acgme.org%2Fads%2FPublic%2FPrograms%2FSearch" navigation to finish...

[ERROR] Fallback <a> parse/click failed for 1403521468: Page.query_selector_all: Execution context was destroyed, most likely because of a navigation
[ERROR] All 3 attempts failed for program_id=1403521468
[DEBUG] Academic years collected: ['2020 - 2021', '2000 - 2001', '2006 - 2007', '2000 - 2001', None, None, None, None, None, None]
[DEBUG] Output written to /Users/avinash.sridhar/scrapper/freida_programs_output_with_academic_year.csv
[DEBUG] Script finished.
