[DEBUG] Starting script. Current working dir: /Users/avinash.sridhar/scrapper
[DEBUG] Read 689 rows from freida_programs_output.csv
[DEBUG] Processing 1403521292 (1/1)...
[DEBUG] Navigating to https://apps.acgme.org/ads/Public/Programs/Search for program_id=1403521292
[DEBUG] Body text after search:  
 Back To Public
Accreditation Council for Graduate Medical Education (ACGME) - Public
Advanced Program Search
Search
or
Accreditation
Osteopathic Recognition
Accreditation
Search by Specialty
Allerg
[DEBUG] Found 26 rows in accreditation table for 1403521292
[DEBUG] Extracted academic year: 2000 - 2001
[DEBUG] Academic years collected: ['2000 - 2001']
[DEBUG] Output written to /Users/avinash.sridhar/scrapper/freida_programs_output_with_academic_year.csv
[DEBUG] Script finished.
