[DEBUG] Starting script. Current working dir: /Users/avinash.sridhar/scrapper
[DEBUG] Read 689 rows from freida_programs_output.csv
[DEBUG] Processing 1401112101 (random test 212/10)...
[DEBUG] Attempt 1 for program_id=1401112101
[DEBUG] Navigating to https://apps.acgme.org/ads/Public/Programs/Search for program_id=1401112101
[DEBUG] Body text after search:  
 Back To Public
Accreditation Council for Graduate Medical Education (ACGME) - Public
Advanced Program Search
Search
or
Accreditation
Osteopathic Recognition
Accreditation
Search by Specialty
Allerg
[DEBUG] Clicked 'View Accreditation History' for 1401112101
[DEBUG] Saved screenshot to debug_acgme_1401112101.png
[DEBUG] Found 26 rows in accreditation table for 1401112101
[DEBUG] Extracted academic year: 2000 - 2001
[DEBUG] Processing 1405612442 (random test 567/10)...
[DEBUG] Attempt 1 for program_id=1405612442
[DEBUG] Navigating to https://apps.acgme.org/ads/Public/Programs/Search for program_id=1405612442
[DEBUG] Body text after search:  
 Back To Public
Accreditation Council for Graduate Medical Education (ACGME) - Public
Advanced Program Search
Search
or
Accreditation
Osteopathic Recognition
Accreditation
Search by Specialty
Allerg
[DEBUG] Clicked 'View Accreditation History' for 1405612442
[DEBUG] Saved screenshot to debug_acgme_1405612442.png
[DEBUG] Found 26 rows in accreditation table for 1405612442
[DEBUG] Extracted academic year: 2000 - 2001
[DEBUG] Processing 1401800140 (random test 618/10)...
[DEBUG] Attempt 1 for program_id=1401800140
[DEBUG] Navigating to https://apps.acgme.org/ads/Public/Programs/Search for program_id=1401800140
[DEBUG] Body text after search:  
 Back To Public
Accreditation Council for Graduate Medical Education (ACGME) - Public
Advanced Program Search
Search
or
Accreditation
Osteopathic Recognition
Accreditation
Search by Specialty
Allerg
[DEBUG] Clicked 'View Accreditation History' for 1401800140
[DEBUG] Saved screenshot to debug_acgme_1401800140.png
[DEBUG] Found 10 rows in accreditation table for 1401800140
[DEBUG] Extracted academic year: 2016 - 2017
[DEBUG] Processing 1404200001 (random test 660/10)...
[DEBUG] Attempt 1 for program_id=1404200001
[DEBUG] Navigating to https://apps.acgme.org/ads/Public/Programs/Search for program_id=1404200001
[DEBUG] Body text after search:  
 Back To Public
Accreditation Council for Graduate Medical Education (ACGME) - Public
Advanced Program Search
Search
or
Accreditation
Osteopathic Recognition
Accreditation
Search by Specialty
Allerg
[DEBUG] Clicked 'View Accreditation History' for 1404200001
[DEBUG] Saved screenshot to debug_acgme_1404200001.png
[DEBUG] Found 3 rows in accreditation table for 1404200001
[DEBUG] Extracted academic year: 2023 - 2024
[DEBUG] Processing 1403921352 (random test 376/10)...
[DEBUG] Attempt 1 for program_id=1403921352
[DEBUG] Navigating to https://apps.acgme.org/ads/Public/Programs/Search for program_id=1403921352
[DEBUG] Body text after search:  
 Back To Public
Accreditation Council for Graduate Medical Education (ACGME) - Public
Advanced Program Search
Search
or
Accreditation
Osteopathic Recognition
Accreditation
Search by Specialty
Allerg
[WARN] Click failed for 1403921352: Locator.click: Timeout 5000ms exceeded.
Call log:
  - waiting for locator("text=\"View Accreditation History\"").first
    - locator resolved to <a class="btn btn-sm listview-item-action btn-primary" href="/ads/Public/Programs/AccreditationHistoryReport?programId=1067">View Accreditation History</a>
  - attempting click action
    - scrolling into view if needed
    - done scrolling
    - forcing action
    - performing click action
    - click action done
    - waiting for scheduled navigations to finish

[ERROR] Fallback navigation failed for 1403921352: Locator.get_attribute: Timeout 30000ms exceeded.
Call log:
  - waiting for locator("text=\"View Accreditation History\"").first

[DEBUG] Retrying program_id=1403921352 after failure...
[DEBUG] Attempt 2 for program_id=1403921352
[DEBUG] Navigating to https://apps.acgme.org/ads/Public/Programs/Search for program_id=1403921352
[DEBUG] Body text after search:  
 Back To Public
Accreditation Council for Graduate Medical Education (ACGME) - Public
Advanced Program Search
Search
or
Accreditation
Osteopathic Recognition
Accreditation
Search by Specialty
Allerg
[WARN] Click failed for 1403921352: Locator.click: Timeout 5000ms exceeded.
Call log:
  - waiting for locator("text=\"View Accreditation History\"").first
    - locator resolved to <a class="btn btn-sm listview-item-action btn-primary" href="/ads/Public/Programs/AccreditationHistoryReport?programId=1067">View Accreditation History</a>
  - attempting click action
    - scrolling into view if needed
    - done scrolling
    - forcing action
    - performing click action
    - click action done
    - waiting for scheduled navigations to finish

[ERROR] Fallback navigation failed for 1403921352: Locator.get_attribute: Timeout 30000ms exceeded.
Call log:
  - waiting for locator("text=\"View Accreditation History\"").first

[DEBUG] Retrying program_id=1403921352 after failure...
[DEBUG] Attempt 3 for program_id=1403921352
[DEBUG] Navigating to https://apps.acgme.org/ads/Public/Programs/Search for program_id=1403921352
[DEBUG] Body text after search:  
 Back To Public
Accreditation Council for Graduate Medical Education (ACGME) - Public
Advanced Program Search
Search
or
Accreditation
Osteopathic Recognition
Accreditation
Search by Specialty
Allerg
[WARN] Click failed for 1403921352: Locator.click: Timeout 5000ms exceeded.
Call log:
  - waiting for locator("text=\"View Accreditation History\"").first
    - locator resolved to <a class="btn btn-sm listview-item-action btn-primary" href="/ads/Public/Programs/AccreditationHistoryReport?programId=1067">View Accreditation History</a>
  - attempting click action
    - scrolling into view if needed
    - done scrolling
    - forcing action
    - performing click action
    - click action done
    - waiting for scheduled navigations to finish

[ERROR] Fallback navigation failed for 1403921352: Locator.get_attribute: Timeout 30000ms exceeded.
Call log:
  - waiting for locator("text=\"View Accreditation History\"").first

[ERROR] All 3 attempts failed for program_id=1403921352
[DEBUG] Processing 1403511263 (random test 98/10)...
[DEBUG] Attempt 1 for program_id=1403511263
[DEBUG] Navigating to https://apps.acgme.org/ads/Public/Programs/Search for program_id=1403511263
[DEBUG] Body text after search:  
 Back To Public
Accreditation Council for Graduate Medical Education (ACGME) - Public
Advanced Program Search
Search
or
Accreditation
Osteopathic Recognition
Accreditation
Search by Specialty
Allerg
[WARN] Click failed for 1403511263: Locator.click: Timeout 5000ms exceeded.
Call log:
  - waiting for locator("text=\"View Accreditation History\"").first
    - locator resolved to <a class="btn btn-sm listview-item-action btn-primary" href="/ads/Public/Programs/AccreditationHistoryReport?programId=1831">View Accreditation History</a>
  - attempting click action
    - scrolling into view if needed
    - done scrolling
    - forcing action
    - performing click action
    - click action done
    - waiting for scheduled navigations to finish

[ERROR] Fallback navigation failed for 1403511263: Locator.get_attribute: Timeout 30000ms exceeded.
Call log:
  - waiting for locator("text=\"View Accreditation History\"").first

[DEBUG] Retrying program_id=1403511263 after failure...
[DEBUG] Attempt 2 for program_id=1403511263
[DEBUG] Navigating to https://apps.acgme.org/ads/Public/Programs/Search for program_id=1403511263
[DEBUG] Body text after search:  
 Back To Public
Accreditation Council for Graduate Medical Education (ACGME) - Public
Advanced Program Search
Search
or
Accreditation
Osteopathic Recognition
Accreditation
Search by Specialty
Allerg
[WARN] Click failed for 1403511263: Locator.click: Timeout 5000ms exceeded.
Call log:
  - waiting for locator("text=\"View Accreditation History\"").first
    - locator resolved to <a class="btn btn-sm listview-item-action btn-primary" href="/ads/Public/Programs/AccreditationHistoryReport?programId=1831">View Accreditation History</a>
  - attempting click action
    - scrolling into view if needed
    - done scrolling
    - forcing action
    - performing click action
    - click action done
    - waiting for scheduled navigations to finish

[ERROR] Fallback navigation failed for 1403511263: Locator.get_attribute: Timeout 30000ms exceeded.
Call log:
  - waiting for locator("text=\"View Accreditation History\"").first

[DEBUG] Retrying program_id=1403511263 after failure...
[DEBUG] Attempt 3 for program_id=1403511263
[DEBUG] Navigating to https://apps.acgme.org/ads/Public/Programs/Search for program_id=1403511263
[DEBUG] Body text after search:  
 Back To Public
Accreditation Council for Graduate Medical Education (ACGME) - Public
Advanced Program Search
Search
or
Accreditation
Osteopathic Recognition
Accreditation
Search by Specialty
Allerg
[WARN] Click failed for 1403511263: Locator.click: Timeout 5000ms exceeded.
Call log:
  - waiting for locator("text=\"View Accreditation History\"").first
    - locator resolved to <a class="btn btn-sm listview-item-action btn-primary" href="/ads/Public/Programs/AccreditationHistoryReport?programId=1831">View Accreditation History</a>
  - attempting click action
    - scrolling into view if needed
    - done scrolling
    - forcing action
    - performing click action
    - click action done
    - waiting for scheduled navigations to finish

[ERROR] Fallback navigation failed for 1403511263: Locator.get_attribute: Timeout 30000ms exceeded.
Call log:
  - waiting for locator("text=\"View Accreditation History\"").first

[ERROR] All 3 attempts failed for program_id=1403511263
[DEBUG] Processing 1400521044 (random test 29/10)...
[DEBUG] Attempt 1 for program_id=1400521044
[DEBUG] Navigating to https://apps.acgme.org/ads/Public/Programs/Search for program_id=1400521044
[DEBUG] Body text after search:  
 Back To Public
Accreditation Council for Graduate Medical Education (ACGME) - Public
Advanced Program Search
Search
or
Accreditation
Osteopathic Recognition
Accreditation
Search by Specialty
Allerg
[WARN] Click failed for 1400521044: Locator.click: Timeout 5000ms exceeded.
Call log:
  - waiting for locator("text=\"View Accreditation History\"").first
    - locator resolved to <a class="btn btn-sm listview-item-action btn-primary" href="/ads/Public/Programs/AccreditationHistoryReport?programId=1315">View Accreditation History</a>
  - attempting click action
    - scrolling into view if needed
    - done scrolling
    - forcing action
    - performing click action
    - click action done
    - waiting for scheduled navigations to finish

[ERROR] Fallback navigation failed for 1400521044: Locator.get_attribute: Timeout 30000ms exceeded.
Call log:
  - waiting for locator("text=\"View Accreditation History\"").first

[DEBUG] Retrying program_id=1400521044 after failure...
[DEBUG] Attempt 2 for program_id=1400521044
[DEBUG] Navigating to https://apps.acgme.org/ads/Public/Programs/Search for program_id=1400521044
[DEBUG] Body text after search:  
 Back To Public
Accreditation Council for Graduate Medical Education (ACGME) - Public
Advanced Program Search
Search
or
Accreditation
Osteopathic Recognition
Accreditation
Search by Specialty
Allerg
[WARN] Click failed for 1400521044: Locator.click: Timeout 5000ms exceeded.
Call log:
  - waiting for locator("text=\"View Accreditation History\"").first
    - locator resolved to <a class="btn btn-sm listview-item-action btn-primary" href="/ads/Public/Programs/AccreditationHistoryReport?programId=1315">View Accreditation History</a>
  - attempting click action
    - scrolling into view if needed
    - done scrolling
    - forcing action
    - performing click action
    - click action done
    - waiting for scheduled navigations to finish

[ERROR] Fallback navigation failed for 1400521044: Locator.get_attribute: Timeout 30000ms exceeded.
Call log:
  - waiting for locator("text=\"View Accreditation History\"").first

[DEBUG] Retrying program_id=1400521044 after failure...
[DEBUG] Attempt 3 for program_id=1400521044
[DEBUG] Navigating to https://apps.acgme.org/ads/Public/Programs/Search for program_id=1400521044
[DEBUG] Body text after search:  
 Back To Public
Accreditation Council for Graduate Medical Education (ACGME) - Public
Advanced Program Search
Search
or
Accreditation
Osteopathic Recognition
Accreditation
Search by Specialty
Allerg
[WARN] Click failed for 1400521044: Locator.click: Timeout 5000ms exceeded.
Call log:
  - waiting for locator("text=\"View Accreditation History\"").first
    - locator resolved to <a class="btn btn-sm listview-item-action btn-primary" href="/ads/Public/Programs/AccreditationHistoryReport?programId=1315">View Accreditation History</a>
  - attempting click action
    - scrolling into view if needed
    - done scrolling
    - forcing action
    - performing click action
    - click action done
    - waiting for scheduled navigations to finish

[ERROR] Fallback navigation failed for 1400521044: Locator.get_attribute: Timeout 30000ms exceeded.
Call log:
  - waiting for locator("text=\"View Accreditation History\"").first

[ERROR] All 3 attempts failed for program_id=1400521044
[DEBUG] Processing 1404100906 (random test 547/10)...
[DEBUG] Attempt 1 for program_id=1404100906
[DEBUG] Navigating to https://apps.acgme.org/ads/Public/Programs/Search for program_id=1404100906
[DEBUG] Body text after search:  
 Back To Public
Accreditation Council for Graduate Medical Education (ACGME) - Public
Advanced Program Search
Search
or
Accreditation
Osteopathic Recognition
Accreditation
Search by Specialty
Allerg
[WARN] Click failed for 1404100906: Locator.click: Timeout 5000ms exceeded.
Call log:
  - waiting for locator("text=\"View Accreditation History\"").first
    - locator resolved to <a class="btn btn-sm listview-item-action btn-primary" href="/ads/Public/Programs/AccreditationHistoryReport?programId=30017">View Accreditation History</a>
  - attempting click action
    - scrolling into view if needed
    - done scrolling
    - forcing action
    - performing click action
    - click action done
    - waiting for scheduled navigations to finish

[ERROR] Fallback navigation failed for 1404100906: Locator.get_attribute: Timeout 30000ms exceeded.
Call log:
  - waiting for locator("text=\"View Accreditation History\"").first

[DEBUG] Retrying program_id=1404100906 after failure...
[DEBUG] Attempt 2 for program_id=1404100906
[DEBUG] Navigating to https://apps.acgme.org/ads/Public/Programs/Search for program_id=1404100906
[DEBUG] Body text after search:  
 Back To Public
Accreditation Council for Graduate Medical Education (ACGME) - Public
Advanced Program Search
Search
or
Accreditation
Osteopathic Recognition
Accreditation
Search by Specialty
Allerg
[WARN] Click failed for 1404100906: Locator.click: Timeout 5000ms exceeded.
Call log:
  - waiting for locator("text=\"View Accreditation History\"").first
    - locator resolved to <a class="btn btn-sm listview-item-action btn-primary" href="/ads/Public/Programs/AccreditationHistoryReport?programId=30017">View Accreditation History</a>
  - attempting click action
    - scrolling into view if needed
    - done scrolling
    - forcing action
    - performing click action
    - click action done
    - waiting for scheduled navigations to finish

[ERROR] Fallback navigation failed for 1404100906: Locator.get_attribute: Timeout 30000ms exceeded.
Call log:
  - waiting for locator("text=\"View Accreditation History\"").first

[DEBUG] Retrying program_id=1404100906 after failure...
[DEBUG] Attempt 3 for program_id=1404100906
[DEBUG] Navigating to https://apps.acgme.org/ads/Public/Programs/Search for program_id=1404100906
[DEBUG] Body text after search:  
 Back To Public
Accreditation Council for Graduate Medical Education (ACGME) - Public
Advanced Program Search
Search
or
Accreditation
Osteopathic Recognition
Accreditation
Search by Specialty
Allerg
[WARN] Click failed for 1404100906: Locator.click: Timeout 5000ms exceeded.
Call log:
  - waiting for locator("text=\"View Accreditation History\"").first
    - locator resolved to <a class="btn btn-sm listview-item-action btn-primary" href="/ads/Public/Programs/AccreditationHistoryReport?programId=30017">View Accreditation History</a>
  - attempting click action
    - scrolling into view if needed
    - done scrolling
    - forcing action
    - performing click action
    - click action done
    - waiting for scheduled navigations to finish

[ERROR] Fallback navigation failed for 1404100906: Locator.get_attribute: Timeout 30000ms exceeded.
Call log:
  - waiting for locator("text=\"View Accreditation History\"").first

[ERROR] All 3 attempts failed for program_id=1404100906
[DEBUG] Processing 1401200005 (random test 349/10)...
[DEBUG] Attempt 1 for program_id=1401200005
[DEBUG] Navigating to https://apps.acgme.org/ads/Public/Programs/Search for program_id=1401200005
[DEBUG] Body text after search:  
 Back To Public
Accreditation Council for Graduate Medical Education (ACGME) - Public
Advanced Program Search
Search
or
Accreditation
Osteopathic Recognition
Accreditation
Search by Specialty
Allerg
[WARN] Click failed for 1401200005: Locator.click: Timeout 5000ms exceeded.
Call log:
  - waiting for locator("text=\"View Accreditation History\"").first
    - locator resolved to <a class="btn btn-sm listview-item-action btn-primary" href="/ads/Public/Programs/AccreditationHistoryReport?programId=55584">View Accreditation History</a>
  - attempting click action
    - scrolling into view if needed
    - done scrolling
    - forcing action
    - performing click action
    - click action done
    - waiting for scheduled navigations to finish

[ERROR] Fallback navigation failed for 1401200005: Locator.get_attribute: Timeout 30000ms exceeded.
Call log:
  - waiting for locator("text=\"View Accreditation History\"").first

[DEBUG] Retrying program_id=1401200005 after failure...
[DEBUG] Attempt 2 for program_id=1401200005
[DEBUG] Navigating to https://apps.acgme.org/ads/Public/Programs/Search for program_id=1401200005
[DEBUG] Body text after search:  
 Back To Public
Accreditation Council for Graduate Medical Education (ACGME) - Public
Advanced Program Search
Search
or
Accreditation
Osteopathic Recognition
Accreditation
Search by Specialty
Allerg
[WARN] Click failed for 1401200005: Locator.click: Timeout 5000ms exceeded.
Call log:
  - waiting for locator("text=\"View Accreditation History\"").first
    - locator resolved to <a class="btn btn-sm listview-item-action btn-primary" href="/ads/Public/Programs/AccreditationHistoryReport?programId=55584">View Accreditation History</a>
  - attempting click action
    - scrolling into view if needed
    - done scrolling
    - forcing action
    - performing click action
    - click action done
    - waiting for scheduled navigations to finish

[ERROR] Fallback navigation failed for 1401200005: Locator.get_attribute: Timeout 30000ms exceeded.
Call log:
  - waiting for locator("text=\"View Accreditation History\"").first

[DEBUG] Retrying program_id=1401200005 after failure...
[DEBUG] Attempt 3 for program_id=1401200005
[DEBUG] Navigating to https://apps.acgme.org/ads/Public/Programs/Search for program_id=1401200005
[DEBUG] Body text after search:  
 Back To Public
Accreditation Council for Graduate Medical Education (ACGME) - Public
Advanced Program Search
Search
or
Accreditation
Osteopathic Recognition
Accreditation
Search by Specialty
Allerg
[WARN] Click failed for 1401200005: Locator.click: Timeout 5000ms exceeded.
Call log:
  - waiting for locator("text=\"View Accreditation History\"").first
    - locator resolved to <a class="btn btn-sm listview-item-action btn-primary" href="/ads/Public/Programs/AccreditationHistoryReport?programId=55584">View Accreditation History</a>
  - attempting click action
    - scrolling into view if needed
    - done scrolling
    - forcing action
    - performing click action
    - click action done
    - waiting for scheduled navigations to finish

[ERROR] Fallback navigation failed for 1401200005: Locator.get_attribute: Timeout 30000ms exceeded.
Call log:
  - waiting for locator("text=\"View Accreditation History\"").first

[ERROR] All 3 attempts failed for program_id=1401200005
[DEBUG] Processing 1404800908 (random test 326/10)...
[DEBUG] Attempt 1 for program_id=1404800908
[DEBUG] Navigating to https://apps.acgme.org/ads/Public/Programs/Search for program_id=1404800908
[DEBUG] Body text after search:  
 Back To Public
Accreditation Council for Graduate Medical Education (ACGME) - Public
Advanced Program Search
Search
or
Accreditation
Osteopathic Recognition
Accreditation
Search by Specialty
Allerg
[WARN] Click failed for 1404800908: Locator.click: Timeout 5000ms exceeded.
Call log:
  - waiting for locator("text=\"View Accreditation History\"").first
    - locator resolved to <a class="btn btn-sm listview-item-action btn-primary" href="/ads/Public/Programs/AccreditationHistoryReport?programId=45938">View Accreditation History</a>
  - attempting click action
    - scrolling into view if needed
    - done scrolling
    - forcing action
    - performing click action
    - click action done
    - waiting for scheduled navigations to finish

[ERROR] Fallback navigation failed for 1404800908: Locator.get_attribute: Timeout 30000ms exceeded.
Call log:
  - waiting for locator("text=\"View Accreditation History\"").first

[DEBUG] Retrying program_id=1404800908 after failure...
[DEBUG] Attempt 2 for program_id=1404800908
[DEBUG] Navigating to https://apps.acgme.org/ads/Public/Programs/Search for program_id=1404800908
[DEBUG] Body text after search:  
 Back To Public
Accreditation Council for Graduate Medical Education (ACGME) - Public
Advanced Program Search
Search
or
Accreditation
Osteopathic Recognition
Accreditation
Search by Specialty
Allerg
[WARN] Click failed for 1404800908: Locator.click: Timeout 5000ms exceeded.
Call log:
  - waiting for locator("text=\"View Accreditation History\"").first
    - locator resolved to <a class="btn btn-sm listview-item-action btn-primary" href="/ads/Public/Programs/AccreditationHistoryReport?programId=45938">View Accreditation History</a>
  - attempting click action
    - scrolling into view if needed
    - done scrolling
    - forcing action
    - performing click action
    - click action done
    - waiting for scheduled navigations to finish

[ERROR] Fallback navigation failed for 1404800908: Locator.get_attribute: Timeout 30000ms exceeded.
Call log:
  - waiting for locator("text=\"View Accreditation History\"").first

[DEBUG] Retrying program_id=1404800908 after failure...
[DEBUG] Attempt 3 for program_id=1404800908
[DEBUG] Navigating to https://apps.acgme.org/ads/Public/Programs/Search for program_id=1404800908
[DEBUG] Body text after search:  
 Back To Public
Accreditation Council for Graduate Medical Education (ACGME) - Public
Advanced Program Search
Search
or
Accreditation
Osteopathic Recognition
Accreditation
Search by Specialty
Allerg
[WARN] Click failed for 1404800908: Locator.click: Timeout 5000ms exceeded.
Call log:
  - waiting for locator("text=\"View Accreditation History\"").first
    - locator resolved to <a class="btn btn-sm listview-item-action btn-primary" href="/ads/Public/Programs/AccreditationHistoryReport?programId=45938">View Accreditation History</a>
  - attempting click action
    - scrolling into view if needed
    - done scrolling
    - forcing action
    - performing click action
    - click action done
    - waiting for scheduled navigations to finish

[ERROR] Fallback navigation failed for 1404800908: Locator.get_attribute: Timeout 30000ms exceeded.
Call log:
  - waiting for locator("text=\"View Accreditation History\"").first

[ERROR] All 3 attempts failed for program_id=1404800908
[DEBUG] Academic years collected: ['2000 - 2001', '2000 - 2001', '2016 - 2017', '2023 - 2024', None, None, None, None, None, None]
[DEBUG] Output written to /Users/avinash.sridhar/scrapper/freida_programs_output_with_academic_year.csv
[DEBUG] Script finished.
