[DEBUG] Starting script. Current working dir: /Users/avinash.sridhar/scrapper
[DEBUG] Read 689 rows from freida_programs_output.csv
[DEBUG] Processing 1404121368 (random test 421/10)...
[DEBUG] Attempt 1 for program_id=1404121368
[DEBUG] Navigating to https://apps.acgme.org/ads/Public/Programs/Search for program_id=1404121368
[DEBUG] Body text after search:  
 Back To Public
Accreditation Council for Graduate Medical Education (ACGME) - Public
Advanced Program Search
Search
or
Accreditation
Osteopathic Recognition
Accreditation
Search by Specialty
Allerg
[DEBUG] Clicked 'View Accreditation History' for 1404121368 (by text locator)
[DEBUG] Saved screenshot to debug_acgme_1404121368.png
[DEBUG] Found 26 rows in accreditation table for 1404121368
[DEBUG] Extracted academic year: 2000 - 2001
[DEBUG] Processing 1402411175 (random test 560/10)...
[DEBUG] Attempt 1 for program_id=1402411175
[DEBUG] Navigating to https://apps.acgme.org/ads/Public/Programs/Search for program_id=1402411175
[DEBUG] Body text after search:  
 Back To Public
Accreditation Council for Graduate Medical Education (ACGME) - Public
Advanced Program Search
Search
or
Accreditation
Osteopathic Recognition
Accreditation
Search by Specialty
Allerg
[DEBUG] Clicked 'View Accreditation History' for 1402411175 (by text locator)
[DEBUG] Saved screenshot to debug_acgme_1402411175.png
[DEBUG] Found 26 rows in accreditation table for 1402411175
[DEBUG] Extracted academic year: 2000 - 2001
[DEBUG] Processing 1405121432 (random test 166/10)...
[DEBUG] Attempt 1 for program_id=1405121432
[DEBUG] Navigating to https://apps.acgme.org/ads/Public/Programs/Search for program_id=1405121432
[DEBUG] Body text after search:  
 Back To Public
Accreditation Council for Graduate Medical Education (ACGME) - Public
Advanced Program Search
Search
or
Accreditation
Osteopathic Recognition
Accreditation
Search by Specialty
Allerg
[DEBUG] Clicked 'View Accreditation History' for 1405121432 (by text locator)
[DEBUG] Saved screenshot to debug_acgme_1405121432.png
[DEBUG] Found 26 rows in accreditation table for 1405121432
[DEBUG] Extracted academic year: 2000 - 2001
[DEBUG] Processing 1404812417 (random test 405/10)...
[DEBUG] Attempt 1 for program_id=1404812417
[DEBUG] Navigating to https://apps.acgme.org/ads/Public/Programs/Search for program_id=1404812417
[DEBUG] Body text after search:  
 Back To Public
Accreditation Council for Graduate Medical Education (ACGME) - Public
Advanced Program Search
Search
or
Accreditation
Osteopathic Recognition
Accreditation
Search by Specialty
Allerg
[DEBUG] Clicked 'View Accreditation History' for 1404812417 (by text locator)
[DEBUG] Saved screenshot to debug_acgme_1404812417.png
[DEBUG] Found 26 rows in accreditation table for 1404812417
[DEBUG] Extracted academic year: 2000 - 2001
[DEBUG] Processing 1404131367 (random test 479/10)...
[DEBUG] Attempt 1 for program_id=1404131367
[DEBUG] Navigating to https://apps.acgme.org/ads/Public/Programs/Search for program_id=1404131367
[DEBUG] Body text after search:  
 Back To Public
Accreditation Council for Graduate Medical Education (ACGME) - Public
Advanced Program Search
Search
or
Accreditation
Osteopathic Recognition
Accreditation
Search by Specialty
Allerg
[WARN] Click by text locator failed for 1404131367: Locator.click: Timeout 5000ms exceeded.
Call log:
  - waiting for locator("text=\"View Accreditation History\"").first
    - locator resolved to <a class="btn btn-sm listview-item-action btn-primary" href="/ads/Public/Programs/AccreditationHistoryReport?programId=1237">View Accreditation History</a>
  - attempting click action
    - scrolling into view if needed
    - done scrolling
    - forcing action
    - performing click action
    - click action done
    - waiting for scheduled navigations to finish

[WARN] Click by class+text failed for 1404131367: Locator.wait_for: Timeout 5000ms exceeded.
Call log:
  - waiting for locator("a.btn.btn-primary:has-text(\"View Accreditation History\")").first
    - waiting for" https://apps.acgme.org/ads/Public/Programs/AccreditationHistoryReport?programId=1237&ReturnUrl=https%3A%2F%2Fapps.acgme.org%2Fads%2FPublic%2FPrograms%2FSearch" navigation to finish...
    - navigated to "https://apps.acgme.org/ads/Public/Programs/AccreditationHistoryReport?programId=1237&ReturnUrl=https%3A%2F%2Fapps.acgme.org%2Fads%2FPublic%2FPrograms%2FSearch"

[WARN] No <a> tag found for fallback click for 1404131367
[ERROR] Fallback <a> parse/click failed for 1404131367: Locator.get_attribute: Timeout 30000ms exceeded.
Call log:
  - waiting for locator("text=\"View Accreditation History\"").first

[DEBUG] Retrying program_id=1404131367 after failure...
[DEBUG] Attempt 2 for program_id=1404131367
[DEBUG] Navigating to https://apps.acgme.org/ads/Public/Programs/Search for program_id=1404131367
[DEBUG] Body text after search:  
 Back To Public
Accreditation Council for Graduate Medical Education (ACGME) - Public
Advanced Program Search
Search
or
Accreditation
Osteopathic Recognition
Accreditation
Search by Specialty
Allerg
[WARN] Click by text locator failed for 1404131367: Locator.click: Timeout 5000ms exceeded.
Call log:
  - waiting for locator("text=\"View Accreditation History\"").first
    - locator resolved to <a class="btn btn-sm listview-item-action btn-primary" href="/ads/Public/Programs/AccreditationHistoryReport?programId=1237">View Accreditation History</a>
  - attempting click action
    - scrolling into view if needed
    - done scrolling
    - forcing action
    - performing click action
    - click action done
    - waiting for scheduled navigations to finish

[WARN] Click by class+text failed for 1404131367: Locator.wait_for: Timeout 5000ms exceeded.
Call log:
  - waiting for locator("a.btn.btn-primary:has-text(\"View Accreditation History\")").first
    - waiting for" https://apps.acgme.org/ads/Public/Programs/AccreditationHistoryReport?programId=1237&ReturnUrl=https%3A%2F%2Fapps.acgme.org%2Fads%2FPublic%2FPrograms%2FSearch" navigation to finish...
    - navigated to "https://apps.acgme.org/ads/Public/Programs/AccreditationHistoryReport?programId=1237&ReturnUrl=https%3A%2F%2Fapps.acgme.org%2Fads%2FPublic%2FPrograms%2FSearch"

[WARN] No <a> tag found for fallback click for 1404131367
[ERROR] Fallback <a> parse/click failed for 1404131367: Locator.get_attribute: Timeout 30000ms exceeded.
Call log:
  - waiting for locator("text=\"View Accreditation History\"").first

[DEBUG] Retrying program_id=1404131367 after failure...
[DEBUG] Attempt 3 for program_id=1404131367
[DEBUG] Navigating to https://apps.acgme.org/ads/Public/Programs/Search for program_id=1404131367
[DEBUG] Body text after search:  
 Back To Public
Accreditation Council for Graduate Medical Education (ACGME) - Public
Advanced Program Search
Search
or
Accreditation
Osteopathic Recognition
Accreditation
Search by Specialty
Allerg
[WARN] Click by text locator failed for 1404131367: Locator.click: Timeout 5000ms exceeded.
Call log:
  - waiting for locator("text=\"View Accreditation History\"").first
    - locator resolved to <a class="btn btn-sm listview-item-action btn-primary" href="/ads/Public/Programs/AccreditationHistoryReport?programId=1237">View Accreditation History</a>
  - attempting click action
    - scrolling into view if needed
    - done scrolling
    - forcing action
    - performing click action
    - click action done
    - waiting for scheduled navigations to finish

[WARN] Click by class+text failed for 1404131367: Locator.wait_for: Timeout 5000ms exceeded.
Call log:
  - waiting for locator("a.btn.btn-primary:has-text(\"View Accreditation History\")").first
    - waiting for" https://apps.acgme.org/ads/Public/Programs/AccreditationHistoryReport?programId=1237&ReturnUrl=https%3A%2F%2Fapps.acgme.org%2Fads%2FPublic%2FPrograms%2FSearch" navigation to finish...
    - navigated to "https://apps.acgme.org/ads/Public/Programs/AccreditationHistoryReport?programId=1237&ReturnUrl=https%3A%2F%2Fapps.acgme.org%2Fads%2FPublic%2FPrograms%2FSearch"

[WARN] No <a> tag found for fallback click for 1404131367
[ERROR] Fallback <a> parse/click failed for 1404131367: Locator.get_attribute: Timeout 30000ms exceeded.
Call log:
  - waiting for locator("text=\"View Accreditation History\"").first

[ERROR] All 3 attempts failed for program_id=1404131367
[DEBUG] Processing 1404221397 (random test 273/10)...
[DEBUG] Attempt 1 for program_id=1404221397
[DEBUG] Navigating to https://apps.acgme.org/ads/Public/Programs/Search for program_id=1404221397
[DEBUG] Body text after search:  
 Back To Public
Accreditation Council for Graduate Medical Education (ACGME) - Public
Advanced Program Search
Search
or
Accreditation
Osteopathic Recognition
Accreditation
Search by Specialty
Allerg
[WARN] Click by text locator failed for 1404221397: Locator.click: Timeout 5000ms exceeded.
Call log:
  - waiting for locator("text=\"View Accreditation History\"").first
    - locator resolved to <a class="btn btn-sm listview-item-action btn-primary" href="/ads/Public/Programs/AccreditationHistoryReport?programId=1246">View Accreditation History</a>
  - attempting click action
    - scrolling into view if needed
    - done scrolling
    - forcing action
    - performing click action
    - click action done
    - waiting for scheduled navigations to finish

[WARN] Click by class+text failed for 1404221397: Locator.wait_for: Timeout 5000ms exceeded.
Call log:
  - waiting for locator("a.btn.btn-primary:has-text(\"View Accreditation History\")").first
    - waiting for" https://apps.acgme.org/ads/Public/Programs/AccreditationHistoryReport?programId=1246&ReturnUrl=https%3A%2F%2Fapps.acgme.org%2Fads%2FPublic%2FPrograms%2FSearch" navigation to finish...
    - navigated to "https://apps.acgme.org/ads/Public/Programs/AccreditationHistoryReport?programId=1246&ReturnUrl=https%3A%2F%2Fapps.acgme.org%2Fads%2FPublic%2FPrograms%2FSearch"

[WARN] No <a> tag found for fallback click for 1404221397
[ERROR] Fallback <a> parse/click failed for 1404221397: Locator.get_attribute: Timeout 30000ms exceeded.
Call log:
  - waiting for locator("text=\"View Accreditation History\"").first

[DEBUG] Retrying program_id=1404221397 after failure...
[DEBUG] Attempt 2 for program_id=1404221397
[DEBUG] Navigating to https://apps.acgme.org/ads/Public/Programs/Search for program_id=1404221397
[DEBUG] Body text after search:  
 Back To Public
Accreditation Council for Graduate Medical Education (ACGME) - Public
Advanced Program Search
Search
or
Accreditation
Osteopathic Recognition
Accreditation
Search by Specialty
Allerg
[WARN] Click by text locator failed for 1404221397: Locator.click: Timeout 5000ms exceeded.
Call log:
  - waiting for locator("text=\"View Accreditation History\"").first
    - locator resolved to <a class="btn btn-sm listview-item-action btn-primary" href="/ads/Public/Programs/AccreditationHistoryReport?programId=1246">View Accreditation History</a>
  - attempting click action
    - scrolling into view if needed
    - done scrolling
    - forcing action
    - performing click action
    - click action done
    - waiting for scheduled navigations to finish

[WARN] Click by class+text failed for 1404221397: Locator.wait_for: Timeout 5000ms exceeded.
Call log:
  - waiting for locator("a.btn.btn-primary:has-text(\"View Accreditation History\")").first
    - waiting for" https://apps.acgme.org/ads/Public/Programs/AccreditationHistoryReport?programId=1246&ReturnUrl=https%3A%2F%2Fapps.acgme.org%2Fads%2FPublic%2FPrograms%2FSearch" navigation to finish...
    - navigated to "https://apps.acgme.org/ads/Public/Programs/AccreditationHistoryReport?programId=1246&ReturnUrl=https%3A%2F%2Fapps.acgme.org%2Fads%2FPublic%2FPrograms%2FSearch"

[WARN] No <a> tag found for fallback click for 1404221397
[ERROR] Fallback <a> parse/click failed for 1404221397: Locator.get_attribute: Timeout 30000ms exceeded.
Call log:
  - waiting for locator("text=\"View Accreditation History\"").first

[DEBUG] Retrying program_id=1404221397 after failure...
[DEBUG] Attempt 3 for program_id=1404221397
[DEBUG] Navigating to https://apps.acgme.org/ads/Public/Programs/Search for program_id=1404221397
[DEBUG] Body text after search:  
 Back To Public
Accreditation Council for Graduate Medical Education (ACGME) - Public
Advanced Program Search
Search
or
Accreditation
Osteopathic Recognition
Accreditation
Search by Specialty
Allerg
[WARN] Click by text locator failed for 1404221397: Locator.click: Timeout 5000ms exceeded.
Call log:
  - waiting for locator("text=\"View Accreditation History\"").first
    - locator resolved to <a class="btn btn-sm listview-item-action btn-primary" href="/ads/Public/Programs/AccreditationHistoryReport?programId=1246">View Accreditation History</a>
  - attempting click action
    - scrolling into view if needed
    - done scrolling
    - forcing action
    - performing click action
    - click action done
    - waiting for scheduled navigations to finish

[WARN] Click by class+text failed for 1404221397: Locator.wait_for: Timeout 5000ms exceeded.
Call log:
  - waiting for locator("a.btn.btn-primary:has-text(\"View Accreditation History\")").first
    - waiting for" https://apps.acgme.org/ads/Public/Programs/AccreditationHistoryReport?programId=1246&ReturnUrl=https%3A%2F%2Fapps.acgme.org%2Fads%2FPublic%2FPrograms%2FSearch" navigation to finish...

[ERROR] Fallback <a> parse/click failed for 1404221397: Page.query_selector_all: Execution context was destroyed, most likely because of a navigation
[ERROR] All 3 attempts failed for program_id=1404221397
[DEBUG] Processing 1401100894 (random test 388/10)...
[DEBUG] Attempt 1 for program_id=1401100894
[DEBUG] Navigating to https://apps.acgme.org/ads/Public/Programs/Search for program_id=1401100894
[DEBUG] Body text after search:  
 Back To Public
Accreditation Council for Graduate Medical Education (ACGME) - Public
Advanced Program Search
Search
or
Accreditation
Osteopathic Recognition
Accreditation
Search by Specialty
Allerg
[WARN] Click by text locator failed for 1401100894: Locator.click: Timeout 5000ms exceeded.
Call log:
  - waiting for locator("text=\"View Accreditation History\"").first
    - locator resolved to <a class="btn btn-sm listview-item-action btn-primary" href="/ads/Public/Programs/AccreditationHistoryReport?programId=10608">View Accreditation History</a>
  - attempting click action
    - scrolling into view if needed
    - done scrolling
    - forcing action
    - performing click action
    - click action done
    - waiting for scheduled navigations to finish

[WARN] Click by class+text failed for 1401100894: Locator.wait_for: Timeout 5000ms exceeded.
Call log:
  - waiting for locator("a.btn.btn-primary:has-text(\"View Accreditation History\")").first
    - waiting for" https://apps.acgme.org/ads/Public/Programs/AccreditationHistoryReport?programId=10608&ReturnUrl=https%3A%2F%2Fapps.acgme.org%2Fads%2FPublic%2FPrograms%2FSearch" navigation to finish...

[ERROR] Fallback <a> parse/click failed for 1401100894: Page.query_selector_all: Execution context was destroyed, most likely because of a navigation
[DEBUG] Retrying program_id=1401100894 after failure...
[DEBUG] Attempt 2 for program_id=1401100894
[DEBUG] Navigating to https://apps.acgme.org/ads/Public/Programs/Search for program_id=1401100894
[DEBUG] Body text after search:  
 Back To Public
Accreditation Council for Graduate Medical Education (ACGME) - Public
Advanced Program Search
Search
or
Accreditation
Osteopathic Recognition
Accreditation
Search by Specialty
Allerg
[WARN] Click by text locator failed for 1401100894: Locator.click: Timeout 5000ms exceeded.
Call log:
  - waiting for locator("text=\"View Accreditation History\"").first
    - locator resolved to <a class="btn btn-sm listview-item-action btn-primary" href="/ads/Public/Programs/AccreditationHistoryReport?programId=10608">View Accreditation History</a>
  - attempting click action
    - scrolling into view if needed
    - done scrolling
    - forcing action
    - performing click action
    - click action done
    - waiting for scheduled navigations to finish

[WARN] Click by class+text failed for 1401100894: Locator.wait_for: Timeout 5000ms exceeded.
Call log:
  - waiting for locator("a.btn.btn-primary:has-text(\"View Accreditation History\")").first
    - waiting for" https://apps.acgme.org/ads/Public/Programs/AccreditationHistoryReport?programId=10608&ReturnUrl=https%3A%2F%2Fapps.acgme.org%2Fads%2FPublic%2FPrograms%2FSearch" navigation to finish...

[ERROR] Fallback <a> parse/click failed for 1401100894: Page.query_selector_all: Execution context was destroyed, most likely because of a navigation
[DEBUG] Retrying program_id=1401100894 after failure...
[DEBUG] Attempt 3 for program_id=1401100894
[DEBUG] Navigating to https://apps.acgme.org/ads/Public/Programs/Search for program_id=1401100894
[DEBUG] Body text after search:  
 Back To Public
Accreditation Council for Graduate Medical Education (ACGME) - Public
Advanced Program Search
Search
or
Accreditation
Osteopathic Recognition
Accreditation
Search by Specialty
Allerg
[WARN] Click by text locator failed for 1401100894: Locator.click: Timeout 5000ms exceeded.
Call log:
  - waiting for locator("text=\"View Accreditation History\"").first
    - locator resolved to <a class="btn btn-sm listview-item-action btn-primary" href="/ads/Public/Programs/AccreditationHistoryReport?programId=10608">View Accreditation History</a>
  - attempting click action
    - scrolling into view if needed
    - done scrolling
    - forcing action
    - performing click action
    - click action done
    - waiting for scheduled navigations to finish

[WARN] Click by class+text failed for 1401100894: Locator.wait_for: Timeout 5000ms exceeded.
Call log:
  - waiting for locator("a.btn.btn-primary:has-text(\"View Accreditation History\")").first
    - waiting for" https://apps.acgme.org/ads/Public/Programs/AccreditationHistoryReport?programId=10608&ReturnUrl=https%3A%2F%2Fapps.acgme.org%2Fads%2FPublic%2FPrograms%2FSearch" navigation to finish...

[ERROR] Fallback <a> parse/click failed for 1401100894: Page.query_selector_all: Execution context was destroyed, most likely because of a navigation
[ERROR] All 3 attempts failed for program_id=1401100894
[DEBUG] Processing 1401100012 (random test 470/10)...
[DEBUG] Attempt 1 for program_id=1401100012
[DEBUG] Navigating to https://apps.acgme.org/ads/Public/Programs/Search for program_id=1401100012
[DEBUG] Body text after search:  
 Back To Public
Accreditation Council for Graduate Medical Education (ACGME) - Public
Advanced Program Search
Search
or
Accreditation
Osteopathic Recognition
Accreditation
Search by Specialty
Allerg
[WARN] Click by text locator failed for 1401100012: Locator.click: Timeout 5000ms exceeded.
Call log:
  - waiting for locator("text=\"View Accreditation History\"").first
    - locator resolved to <a class="btn btn-sm listview-item-action btn-primary" href="/ads/Public/Programs/AccreditationHistoryReport?programId=55674">View Accreditation History</a>
  - attempting click action
    - scrolling into view if needed
    - done scrolling
    - forcing action
    - performing click action
    - click action done
    - waiting for scheduled navigations to finish

[WARN] Click by class+text failed for 1401100012: Locator.wait_for: Timeout 5000ms exceeded.
Call log:
  - waiting for locator("a.btn.btn-primary:has-text(\"View Accreditation History\")").first
    - waiting for" https://apps.acgme.org/ads/Public/Programs/AccreditationHistoryReport?programId=55674&ReturnUrl=https%3A%2F%2Fapps.acgme.org%2Fads%2FPublic%2FPrograms%2FSearch" navigation to finish...

[ERROR] Fallback <a> parse/click failed for 1401100012: Page.query_selector_all: Execution context was destroyed, most likely because of a navigation
[DEBUG] Retrying program_id=1401100012 after failure...
[DEBUG] Attempt 2 for program_id=1401100012
[DEBUG] Navigating to https://apps.acgme.org/ads/Public/Programs/Search for program_id=1401100012
[DEBUG] Body text after search:  
 Back To Public
Accreditation Council for Graduate Medical Education (ACGME) - Public
Advanced Program Search
Search
or
Accreditation
Osteopathic Recognition
Accreditation
Search by Specialty
Allerg
[WARN] Click by text locator failed for 1401100012: Locator.click: Timeout 5000ms exceeded.
Call log:
  - waiting for locator("text=\"View Accreditation History\"").first
    - locator resolved to <a class="btn btn-sm listview-item-action btn-primary" href="/ads/Public/Programs/AccreditationHistoryReport?programId=55674">View Accreditation History</a>
  - attempting click action
    - scrolling into view if needed
    - done scrolling
    - forcing action
    - performing click action
    - click action done
    - waiting for scheduled navigations to finish

[WARN] Click by class+text failed for 1401100012: Locator.wait_for: Timeout 5000ms exceeded.
Call log:
  - waiting for locator("a.btn.btn-primary:has-text(\"View Accreditation History\")").first
    - waiting for" https://apps.acgme.org/ads/Public/Programs/AccreditationHistoryReport?programId=55674&ReturnUrl=https%3A%2F%2Fapps.acgme.org%2Fads%2FPublic%2FPrograms%2FSearch" navigation to finish...

[ERROR] Fallback <a> parse/click failed for 1401100012: Page.query_selector_all: Execution context was destroyed, most likely because of a navigation
[DEBUG] Retrying program_id=1401100012 after failure...
[DEBUG] Attempt 3 for program_id=1401100012
[DEBUG] Navigating to https://apps.acgme.org/ads/Public/Programs/Search for program_id=1401100012
[DEBUG] Body text after search:  
 Back To Public
Accreditation Council for Graduate Medical Education (ACGME) - Public
Advanced Program Search
Search
or
Accreditation
Osteopathic Recognition
Accreditation
Search by Specialty
Allerg
[WARN] Click by text locator failed for 1401100012: Locator.click: Timeout 5000ms exceeded.
Call log:
  - waiting for locator("text=\"View Accreditation History\"").first
    - locator resolved to <a class="btn btn-sm listview-item-action btn-primary" href="/ads/Public/Programs/AccreditationHistoryReport?programId=55674">View Accreditation History</a>
  - attempting click action
    - scrolling into view if needed
    - done scrolling
    - forcing action
    - performing click action
    - click action done
    - waiting for scheduled navigations to finish

[WARN] Click by class+text failed for 1401100012: Locator.wait_for: Timeout 5000ms exceeded.
Call log:
  - waiting for locator("a.btn.btn-primary:has-text(\"View Accreditation History\")").first
    - waiting for" https://apps.acgme.org/ads/Public/Programs/AccreditationHistoryReport?programId=55674&ReturnUrl=https%3A%2F%2Fapps.acgme.org%2Fads%2FPublic%2FPrograms%2FSearch" navigation to finish...

[ERROR] Fallback <a> parse/click failed for 1401100012: Page.query_selector_all: Execution context was destroyed, most likely because of a navigation
[ERROR] All 3 attempts failed for program_id=1401100012
[DEBUG] Processing 1402500913 (random test 397/10)...
[DEBUG] Attempt 1 for program_id=1402500913
[DEBUG] Navigating to https://apps.acgme.org/ads/Public/Programs/Search for program_id=1402500913
[DEBUG] Body text after search:  
 Back To Public
Accreditation Council for Graduate Medical Education (ACGME) - Public
Advanced Program Search
Search
or
Accreditation
Osteopathic Recognition
Accreditation
Search by Specialty
Allerg
[WARN] Click by text locator failed for 1402500913: Locator.click: Timeout 5000ms exceeded.
Call log:
  - waiting for locator("text=\"View Accreditation History\"").first
    - locator resolved to <a class="btn btn-sm listview-item-action btn-primary" href="/ads/Public/Programs/AccreditationHistoryReport?programId=28075">View Accreditation History</a>
  - attempting click action
    - scrolling into view if needed
    - done scrolling
    - forcing action
    - performing click action
    - click action done
    - waiting for scheduled navigations to finish

[WARN] Click by class+text failed for 1402500913: Locator.wait_for: Timeout 5000ms exceeded.
Call log:
  - waiting for locator("a.btn.btn-primary:has-text(\"View Accreditation History\")").first
    - waiting for" https://apps.acgme.org/ads/Public/Programs/AccreditationHistoryReport?programId=28075&ReturnUrl=https%3A%2F%2Fapps.acgme.org%2Fads%2FPublic%2FPrograms%2FSearch" navigation to finish...

[ERROR] Fallback <a> parse/click failed for 1402500913: Page.query_selector_all: Execution context was destroyed, most likely because of a navigation
[DEBUG] Retrying program_id=1402500913 after failure...
[DEBUG] Attempt 2 for program_id=1402500913
[DEBUG] Navigating to https://apps.acgme.org/ads/Public/Programs/Search for program_id=1402500913
[DEBUG] Body text after search:  
 Back To Public
Accreditation Council for Graduate Medical Education (ACGME) - Public
Advanced Program Search
Search
or
Accreditation
Osteopathic Recognition
Accreditation
Search by Specialty
Allerg
[WARN] Click by text locator failed for 1402500913: Locator.click: Timeout 5000ms exceeded.
Call log:
  - waiting for locator("text=\"View Accreditation History\"").first
    - locator resolved to <a class="btn btn-sm listview-item-action btn-primary" href="/ads/Public/Programs/AccreditationHistoryReport?programId=28075">View Accreditation History</a>
  - attempting click action
    - scrolling into view if needed
    - done scrolling
    - forcing action
    - performing click action
    - click action done
    - waiting for scheduled navigations to finish

[WARN] Click by class+text failed for 1402500913: Locator.wait_for: Timeout 5000ms exceeded.
Call log:
  - waiting for locator("a.btn.btn-primary:has-text(\"View Accreditation History\")").first
    - waiting for" https://apps.acgme.org/ads/Public/Programs/AccreditationHistoryReport?programId=28075&ReturnUrl=https%3A%2F%2Fapps.acgme.org%2Fads%2FPublic%2FPrograms%2FSearch" navigation to finish...

[ERROR] Fallback <a> parse/click failed for 1402500913: Page.query_selector_all: Execution context was destroyed, most likely because of a navigation
[DEBUG] Retrying program_id=1402500913 after failure...
[DEBUG] Attempt 3 for program_id=1402500913
[DEBUG] Navigating to https://apps.acgme.org/ads/Public/Programs/Search for program_id=1402500913
[DEBUG] Body text after search:  
 Back To Public
Accreditation Council for Graduate Medical Education (ACGME) - Public
Advanced Program Search
Search
or
Accreditation
Osteopathic Recognition
Accreditation
Search by Specialty
Allerg
[WARN] Click by text locator failed for 1402500913: Locator.click: Timeout 5000ms exceeded.
Call log:
  - waiting for locator("text=\"View Accreditation History\"").first
    - locator resolved to <a class="btn btn-sm listview-item-action btn-primary" href="/ads/Public/Programs/AccreditationHistoryReport?programId=28075">View Accreditation History</a>
  - attempting click action
    - scrolling into view if needed
    - done scrolling
    - forcing action
    - performing click action
    - click action done
    - waiting for scheduled navigations to finish

[WARN] Click by class+text failed for 1402500913: Locator.wait_for: Timeout 5000ms exceeded.
Call log:
  - waiting for locator("a.btn.btn-primary:has-text(\"View Accreditation History\")").first
    - waiting for" https://apps.acgme.org/ads/Public/Programs/AccreditationHistoryReport?programId=28075&ReturnUrl=https%3A%2F%2Fapps.acgme.org%2Fads%2FPublic%2FPrograms%2FSearch" navigation to finish...

[ERROR] Fallback <a> parse/click failed for 1402500913: Page.query_selector_all: Execution context was destroyed, most likely because of a navigation
[ERROR] All 3 attempts failed for program_id=1402500913
[DEBUG] Processing 1401621541 (random test 267/10)...
[DEBUG] Attempt 1 for program_id=1401621541
[DEBUG] Navigating to https://apps.acgme.org/ads/Public/Programs/Search for program_id=1401621541
[DEBUG] Body text after search:  
 Back To Public
Accreditation Council for Graduate Medical Education (ACGME) - Public
Advanced Program Search
Search
or
Accreditation
Osteopathic Recognition
Accreditation
Search by Specialty
Allerg
[WARN] Click by text locator failed for 1401621541: Locator.click: Timeout 5000ms exceeded.
Call log:
  - waiting for locator("text=\"View Accreditation History\"").first
    - locator resolved to <a class="btn btn-sm listview-item-action btn-primary" href="/ads/Public/Programs/AccreditationHistoryReport?programId=10299">View Accreditation History</a>
  - attempting click action
    - scrolling into view if needed
    - done scrolling
    - forcing action
    - performing click action
    - click action done
    - waiting for scheduled navigations to finish

[WARN] Click by class+text failed for 1401621541: Locator.wait_for: Timeout 5000ms exceeded.
Call log:
  - waiting for locator("a.btn.btn-primary:has-text(\"View Accreditation History\")").first
    - waiting for" https://apps.acgme.org/ads/Public/Programs/AccreditationHistoryReport?programId=10299&ReturnUrl=https%3A%2F%2Fapps.acgme.org%2Fads%2FPublic%2FPrograms%2FSearch" navigation to finish...

[ERROR] Fallback <a> parse/click failed for 1401621541: Page.query_selector_all: Execution context was destroyed, most likely because of a navigation
[DEBUG] Retrying program_id=1401621541 after failure...
[DEBUG] Attempt 2 for program_id=1401621541
[DEBUG] Navigating to https://apps.acgme.org/ads/Public/Programs/Search for program_id=1401621541
[DEBUG] Body text after search:  
 Back To Public
Accreditation Council for Graduate Medical Education (ACGME) - Public
Advanced Program Search
Search
or
Accreditation
Osteopathic Recognition
Accreditation
Search by Specialty
Allerg
[WARN] Click by text locator failed for 1401621541: Locator.click: Timeout 5000ms exceeded.
Call log:
  - waiting for locator("text=\"View Accreditation History\"").first
    - locator resolved to <a class="btn btn-sm listview-item-action btn-primary" href="/ads/Public/Programs/AccreditationHistoryReport?programId=10299">View Accreditation History</a>
  - attempting click action
    - scrolling into view if needed
    - done scrolling
    - forcing action
    - performing click action
    - click action done
    - waiting for scheduled navigations to finish

[WARN] Click by class+text failed for 1401621541: Locator.wait_for: Timeout 5000ms exceeded.
Call log:
  - waiting for locator("a.btn.btn-primary:has-text(\"View Accreditation History\")").first
    - waiting for" https://apps.acgme.org/ads/Public/Programs/AccreditationHistoryReport?programId=10299&ReturnUrl=https%3A%2F%2Fapps.acgme.org%2Fads%2FPublic%2FPrograms%2FSearch" navigation to finish...

[ERROR] Fallback <a> parse/click failed for 1401621541: Page.query_selector_all: Execution context was destroyed, most likely because of a navigation
[DEBUG] Retrying program_id=1401621541 after failure...
[DEBUG] Attempt 3 for program_id=1401621541
[DEBUG] Navigating to https://apps.acgme.org/ads/Public/Programs/Search for program_id=1401621541
[DEBUG] Body text after search:  
 Back To Public
Accreditation Council for Graduate Medical Education (ACGME) - Public
Advanced Program Search
Search
or
Accreditation
Osteopathic Recognition
Accreditation
Search by Specialty
Allerg
[WARN] Click by text locator failed for 1401621541: Locator.click: Timeout 5000ms exceeded.
Call log:
  - waiting for locator("text=\"View Accreditation History\"").first
    - locator resolved to <a class="btn btn-sm listview-item-action btn-primary" href="/ads/Public/Programs/AccreditationHistoryReport?programId=10299">View Accreditation History</a>
  - attempting click action
    - scrolling into view if needed
    - done scrolling
    - forcing action
    - performing click action
    - click action done
    - waiting for scheduled navigations to finish

[WARN] Click by class+text failed for 1401621541: Locator.wait_for: Timeout 5000ms exceeded.
Call log:
  - waiting for locator("a.btn.btn-primary:has-text(\"View Accreditation History\")").first
    - waiting for" https://apps.acgme.org/ads/Public/Programs/AccreditationHistoryReport?programId=10299&ReturnUrl=https%3A%2F%2Fapps.acgme.org%2Fads%2FPublic%2FPrograms%2FSearch" navigation to finish...

[ERROR] Fallback <a> parse/click failed for 1401621541: Page.query_selector_all: Execution context was destroyed, most likely because of a navigation
[ERROR] All 3 attempts failed for program_id=1401621541
[DEBUG] Academic years collected: ['2000 - 2001', '2000 - 2001', '2000 - 2001', '2000 - 2001', None, None, None, None, None, None]
[DEBUG] Output written to /Users/avinash.sridhar/scrapper/freida_programs_output_with_academic_year.csv
[DEBUG] Script finished.
