[DEBUG] Starting script. Current working dir: /Users/avinash.sridhar/scrapper
[DEBUG] Read 10 rows from freida_programs_output_with_academic_year.csv
[DEBUG] Found 6 failed records to retry.
[DEBUG] Processing 1405500443 (test 5/6)...
[DEBUG] Attempt 1 for program_id=1405500443
[DEBUG] Navigating to https://apps.acgme.org/ads/Public/Programs/Search for program_id=1405500443
[DEBUG] Body text after search:  
 Back To Public
Accreditation Council for Graduate Medical Education (ACGME) - Public
Advanced Program Search
Search
or
Accreditation
Osteopathic Recognition
Accreditation
Search by Specialty
Allerg
[DEBUG] Clicked 'View Accreditation History' for 1405500443 (by text locator, human-like)
[DEBUG] Saved screenshot to debug_acgme_1405500443.png
[DEBUG] Found 10 rows in accreditation table for 1405500443
[DEBUG] Extracted academic year: 2016 - 2017
[DEBUG] Processing 1400500932 (test 6/6)...
[DEBUG] Attempt 1 for program_id=1400500932
[DEBUG] Navigating to https://apps.acgme.org/ads/Public/Programs/Search for program_id=1400500932
[DEBUG] Body text after search:  
 Back To Public
Accreditation Council for Graduate Medical Education (ACGME) - Public
Advanced Program Search
Search
or
Accreditation
Osteopathic Recognition
Accreditation
Search by Specialty
Allerg
[DEBUG] Clicked 'View Accreditation History' for 1400500932 (by text locator, human-like)
[DEBUG] Saved screenshot to debug_acgme_1400500932.png
[DEBUG] Found 6 rows in accreditation table for 1400500932
[DEBUG] Extracted academic year: 2020 - 2021
[DEBUG] Processing 1400100901 (test 7/6)...
[DEBUG] Attempt 1 for program_id=1400100901
[DEBUG] Navigating to https://apps.acgme.org/ads/Public/Programs/Search for program_id=1400100901
[DEBUG] Body text after search:  
 Back To Public
Accreditation Council for Graduate Medical Education (ACGME) - Public
Advanced Program Search
Search
or
Accreditation
Osteopathic Recognition
Accreditation
Search by Specialty
Allerg
[DEBUG] Clicked 'View Accreditation History' for 1400100901 (by text locator, human-like)
[DEBUG] Saved screenshot to debug_acgme_1400100901.png
[DEBUG] Found 8 rows in accreditation table for 1400100901
[DEBUG] Extracted academic year: 2018 - 2019
[DEBUG] Processing 1404711409 (test 8/6)...
[DEBUG] Attempt 1 for program_id=1404711409
[DEBUG] Navigating to https://apps.acgme.org/ads/Public/Programs/Search for program_id=1404711409
[DEBUG] Body text after search:  
 Back To Public
Accreditation Council for Graduate Medical Education (ACGME) - Public
Advanced Program Search
Search
or
Accreditation
Osteopathic Recognition
Accreditation
Search by Specialty
Allerg
[DEBUG] Clicked 'View Accreditation History' for 1404711409 (by text locator, human-like)
[DEBUG] Saved screenshot to debug_acgme_1404711409.png
[DEBUG] Found 26 rows in accreditation table for 1404711409
[DEBUG] Extracted academic year: 2000 - 2001
[DEBUG] Processing 1405621446 (test 9/6)...
[DEBUG] Attempt 1 for program_id=1405621446
[DEBUG] Navigating to https://apps.acgme.org/ads/Public/Programs/Search for program_id=1405621446
[DEBUG] Body text after search:  
 Back To Public
Accreditation Council for Graduate Medical Education (ACGME) - Public
Advanced Program Search
Search
or
Accreditation
Osteopathic Recognition
Accreditation
Search by Specialty
Allerg
[WARN] Click by text locator failed for 1405621446: Locator.click: Timeout 5000ms exceeded.
Call log:
  - waiting for locator("text=\"View Accreditation History\"").first
    - locator resolved to <a class="btn btn-sm listview-item-action btn-primary" href="/ads/Public/Programs/AccreditationHistoryReport?programId=1435">View Accreditation History</a>
  - attempting click action
    - scrolling into view if needed
    - done scrolling
    - forcing action
    - performing click action
    - click action done
    - waiting for scheduled navigations to finish

[WARN] Click by class+text failed for 1405621446: Locator.wait_for: Timeout 5000ms exceeded.
Call log:
  - waiting for locator("a.btn.btn-primary:has-text(\"View Accreditation History\")").first
    - waiting for" https://apps.acgme.org/ads/Public/Programs/AccreditationHistoryReport?programId=1435&ReturnUrl=https%3A%2F%2Fapps.acgme.org%2Fads%2FPublic%2FPrograms%2FSearch" navigation to finish...
    - navigated to "https://apps.acgme.org/ads/Public/Programs/AccreditationHistoryReport?programId=1435&ReturnUrl=https%3A%2F%2Fapps.acgme.org%2Fads%2FPublic%2FPrograms%2FSearch"

[WARN] No <a> tag found for fallback click for 1405621446
[ERROR] Fallback <a> parse/click failed for 1405621446: Locator.get_attribute: Timeout 30000ms exceeded.
Call log:
  - waiting for locator("text=\"View Accreditation History\"").first

[DEBUG] Retrying program_id=1405621446 after failure...
[DEBUG] Attempt 2 for program_id=1405621446
[DEBUG] Navigating to https://apps.acgme.org/ads/Public/Programs/Search for program_id=1405621446
[DEBUG] Body text after search:  
 Back To Public
Accreditation Council for Graduate Medical Education (ACGME) - Public
Advanced Program Search
Search
or
Accreditation
Osteopathic Recognition
Accreditation
Search by Specialty
Allerg
[WARN] Click by text locator failed for 1405621446: Locator.click: Timeout 5000ms exceeded.
Call log:
  - waiting for locator("text=\"View Accreditation History\"").first
    - locator resolved to <a class="btn btn-sm listview-item-action btn-primary" href="/ads/Public/Programs/AccreditationHistoryReport?programId=1435">View Accreditation History</a>
  - attempting click action
    - scrolling into view if needed
    - done scrolling
    - forcing action
    - performing click action
    - click action done
    - waiting for scheduled navigations to finish

[WARN] Click by class+text failed for 1405621446: Locator.wait_for: Timeout 5000ms exceeded.
Call log:
  - waiting for locator("a.btn.btn-primary:has-text(\"View Accreditation History\")").first
    - waiting for" https://apps.acgme.org/ads/Public/Programs/AccreditationHistoryReport?programId=1435&ReturnUrl=https%3A%2F%2Fapps.acgme.org%2Fads%2FPublic%2FPrograms%2FSearch" navigation to finish...
    - navigated to "https://apps.acgme.org/ads/Public/Programs/AccreditationHistoryReport?programId=1435&ReturnUrl=https%3A%2F%2Fapps.acgme.org%2Fads%2FPublic%2FPrograms%2FSearch"

[WARN] No <a> tag found for fallback click for 1405621446
